Analysis & Synthesis report for LomeregnerV2
Thu Apr 30 13:49:55 2020
Quartus Prime Version 18.1.0 Build 625 09/12/2018 SJ Lite Edition


---------------------
; Table of Contents ;
---------------------
  1. Legal Notice
  2. Analysis & Synthesis Summary
  3. Analysis & Synthesis Settings
  4. Parallel Compilation
  5. Analysis & Synthesis Source Files Read
  6. Analysis & Synthesis Resource Usage Summary
  7. Analysis & Synthesis Resource Utilization by Entity
  8. Registers Removed During Synthesis
  9. Removed Registers Triggering Further Register Optimizations
 10. General Register Statistics
 11. Multiplexer Restructuring Statistics (Restructuring Performed)
 12. Post-Synthesis Netlist Statistics for Top Partition
 13. Elapsed Time Per Partition
 14. Analysis & Synthesis Messages



----------------
; Legal Notice ;
----------------
Copyright (C) 2018  Intel Corporation. All rights reserved.
Your use of Intel Corporation's design tools, logic functions 
and other software and tools, and its AMPP partner logic 
functions, and any output files from any of the foregoing 
(including device programming or simulation files), and any 
associated documentation or information are expressly subject 
to the terms and conditions of the Intel Program License 
Subscription Agreement, the Intel Quartus Prime License Agreement,
the Intel FPGA IP License Agreement, or other applicable license
agreement, including, without limitation, that your use is for
the sole purpose of programming logic devices manufactured by
Intel and sold by Intel or its authorized distributors.  Please
refer to the applicable agreement for further details.



+-------------------------------------------------------------------------------+
; Analysis & Synthesis Summary                                                  ;
+---------------------------------+---------------------------------------------+
; Analysis & Synthesis Status     ; Successful - Thu Apr 30 13:49:55 2020       ;
; Quartus Prime Version           ; 18.1.0 Build 625 09/12/2018 SJ Lite Edition ;
; Revision Name                   ; LomeregnerV2                                ;
; Top-level Entity Name           ; TestBench                                   ;
; Family                          ; Cyclone V                                   ;
; Logic utilization (in ALMs)     ; N/A                                         ;
; Total registers                 ; 0                                           ;
; Total pins                      ; 47                                          ;
; Total virtual pins              ; 0                                           ;
; Total block memory bits         ; 0                                           ;
; Total DSP Blocks                ; 0                                           ;
; Total HSSI RX PCSs              ; 0                                           ;
; Total HSSI PMA RX Deserializers ; 0                                           ;
; Total HSSI TX PCSs              ; 0                                           ;
; Total HSSI PMA TX Serializers   ; 0                                           ;
; Total PLLs                      ; 0                                           ;
; Total DLLs                      ; 0                                           ;
+---------------------------------+---------------------------------------------+


+---------------------------------------------------------------------------------------------------------------------------+
; Analysis & Synthesis Settings                                                                                             ;
+---------------------------------------------------------------------------------+--------------------+--------------------+
; Option                                                                          ; Setting            ; Default Value      ;
+---------------------------------------------------------------------------------+--------------------+--------------------+
; Device                                                                          ; 5CEBA4F23C7        ;                    ;
; Top-level entity name                                                           ; TestBench          ; LomeregnerV2       ;
; Family name                                                                     ; Cyclone V          ; Cyclone V          ;
; Use smart compilation                                                           ; Off                ; Off                ;
; Enable parallel Assembler and Timing Analyzer during compilation                ; On                 ; On                 ;
; Enable compact report table                                                     ; Off                ; Off                ;
; Restructure Multiplexers                                                        ; Auto               ; Auto               ;
; MLAB Add Timing Constraints For Mixed-Port Feed-Through Mode Setting Don't Care ; Off                ; Off                ;
; Create Debugging Nodes for IP Cores                                             ; Off                ; Off                ;
; Preserve fewer node names                                                       ; On                 ; On                 ;
; Intel FPGA IP Evaluation Mode                                                   ; Enable             ; Enable             ;
; Verilog Version                                                                 ; Verilog_2001       ; Verilog_2001       ;
; VHDL Version                                                                    ; VHDL_1993          ; VHDL_1993          ;
; State Machine Processing                                                        ; Auto               ; Auto               ;
; Safe State Machine                                                              ; Off                ; Off                ;
; Extract Verilog State Machines                                                  ; On                 ; On                 ;
; Extract VHDL State Machines                                                     ; On                 ; On                 ;
; Ignore Verilog initial constructs                                               ; Off                ; Off                ;
; Iteration limit for constant Verilog loops                                      ; 5000               ; 5000               ;
; Iteration limit for non-constant Verilog loops                                  ; 250                ; 250                ;
; Add Pass-Through Logic to Inferred RAMs                                         ; On                 ; On                 ;
; Infer RAMs from Raw Logic                                                       ; On                 ; On                 ;
; Parallel Synthesis                                                              ; On                 ; On                 ;
; DSP Block Balancing                                                             ; Auto               ; Auto               ;
; NOT Gate Push-Back                                                              ; On                 ; On                 ;
; Power-Up Don't Care                                                             ; On                 ; On                 ;
; Remove Redundant Logic Cells                                                    ; Off                ; Off                ;
; Remove Duplicate Registers                                                      ; On                 ; On                 ;
; Ignore CARRY Buffers                                                            ; Off                ; Off                ;
; Ignore CASCADE Buffers                                                          ; Off                ; Off                ;
; Ignore GLOBAL Buffers                                                           ; Off                ; Off                ;
; Ignore ROW GLOBAL Buffers                                                       ; Off                ; Off                ;
; Ignore LCELL Buffers                                                            ; Off                ; Off                ;
; Ignore SOFT Buffers                                                             ; On                 ; On                 ;
; Limit AHDL Integers to 32 Bits                                                  ; Off                ; Off                ;
; Optimization Technique                                                          ; Balanced           ; Balanced           ;
; Carry Chain Length                                                              ; 70                 ; 70                 ;
; Auto Carry Chains                                                               ; On                 ; On                 ;
; Auto Open-Drain Pins                                                            ; On                 ; On                 ;
; Perform WYSIWYG Primitive Resynthesis                                           ; Off                ; Off                ;
; Auto ROM Replacement                                                            ; On                 ; On                 ;
; Auto RAM Replacement                                                            ; On                 ; On                 ;
; Auto DSP Block Replacement                                                      ; On                 ; On                 ;
; Auto Shift Register Replacement                                                 ; Auto               ; Auto               ;
; Allow Shift Register Merging across Hierarchies                                 ; Auto               ; Auto               ;
; Auto Clock Enable Replacement                                                   ; On                 ; On                 ;
; Strict RAM Replacement                                                          ; Off                ; Off                ;
; Allow Synchronous Control Signals                                               ; On                 ; On                 ;
; Force Use of Synchronous Clear Signals                                          ; Off                ; Off                ;
; Auto Resource Sharing                                                           ; Off                ; Off                ;
; Allow Any RAM Size For Recognition                                              ; Off                ; Off                ;
; Allow Any ROM Size For Recognition                                              ; Off                ; Off                ;
; Allow Any Shift Register Size For Recognition                                   ; Off                ; Off                ;
; Use LogicLock Constraints during Resource Balancing                             ; On                 ; On                 ;
; Ignore translate_off and synthesis_off directives                               ; Off                ; Off                ;
; Timing-Driven Synthesis                                                         ; On                 ; On                 ;
; Report Parameter Settings                                                       ; On                 ; On                 ;
; Report Source Assignments                                                       ; On                 ; On                 ;
; Report Connectivity Checks                                                      ; On                 ; On                 ;
; Ignore Maximum Fan-Out Assignments                                              ; Off                ; Off                ;
; Synchronization Register Chain Length                                           ; 3                  ; 3                  ;
; Power Optimization During Synthesis                                             ; Normal compilation ; Normal compilation ;
; HDL message level                                                               ; Level2             ; Level2             ;
; Suppress Register Optimization Related Messages                                 ; Off                ; Off                ;
; Number of Removed Registers Reported in Synthesis Report                        ; 5000               ; 5000               ;
; Number of Swept Nodes Reported in Synthesis Report                              ; 5000               ; 5000               ;
; Number of Inverted Registers Reported in Synthesis Report                       ; 100                ; 100                ;
; Clock MUX Protection                                                            ; On                 ; On                 ;
; Auto Gated Clock Conversion                                                     ; Off                ; Off                ;
; Block Design Naming                                                             ; Auto               ; Auto               ;
; SDC constraint protection                                                       ; Off                ; Off                ;
; Synthesis Effort                                                                ; Auto               ; Auto               ;
; Shift Register Replacement - Allow Asynchronous Clear Signal                    ; On                 ; On                 ;
; Pre-Mapping Resynthesis Optimization                                            ; Off                ; Off                ;
; Analysis & Synthesis Message Level                                              ; Medium             ; Medium             ;
; Disable Register Merging Across Hierarchies                                     ; Auto               ; Auto               ;
; Resource Aware Inference For Block RAM                                          ; On                 ; On                 ;
; Automatic Parallel Synthesis                                                    ; On                 ; On                 ;
; Partial Reconfiguration Bitstream ID                                            ; Off                ; Off                ;
+---------------------------------------------------------------------------------+--------------------+--------------------+


+------------------------------------------+
; Parallel Compilation                     ;
+----------------------------+-------------+
; Processors                 ; Number      ;
+----------------------------+-------------+
; Number detected on machine ; 8           ;
; Maximum allowed            ; 4           ;
;                            ;             ;
; Average used               ; 1.00        ;
; Maximum used               ; 1           ;
;                            ;             ;
; Usage by Processor         ; % Time Used ;
;     Processor 1            ; 100.0%      ;
+----------------------------+-------------+


+------------------------------------------------------------------------------------------------------------------------------------------------------------------------------------+
; Analysis & Synthesis Source Files Read                                                                                                                                             ;
+----------------------------------+-----------------+-----------------+---------------------------------------------------------------------------------------------------+---------+
; File Name with User-Entered Path ; Used in Netlist ; File Type       ; File Name with Absolute Path                                                                      ; Library ;
+----------------------------------+-----------------+-----------------+---------------------------------------------------------------------------------------------------+---------+
; TestBench.vhd                    ; yes             ; User VHDL File  ; C:/Users/mozzr/Documents/GitHub/EIT4-414/Projekt-Design-FPGA/Quartus/QuartusV2/TestBench.vhd      ;         ;
; ProgramCode.vhd                  ; yes             ; User VHDL File  ; C:/Users/mozzr/Documents/GitHub/EIT4-414/Projekt-Design-FPGA/Quartus/QuartusV2/ProgramCode.vhd    ;         ;
; Numpad.vhd                       ; yes             ; User VHDL File  ; C:/Users/mozzr/Documents/GitHub/EIT4-414/Projekt-Design-FPGA/Quartus/QuartusV2/Numpad.vhd         ;         ;
; Memory.vhd                       ; yes             ; User VHDL File  ; C:/Users/mozzr/Documents/GitHub/EIT4-414/Projekt-Design-FPGA/Quartus/QuartusV2/Memory.vhd         ;         ;
; IO_ProgramCode.vhd               ; yes             ; User VHDL File  ; C:/Users/mozzr/Documents/GitHub/EIT4-414/Projekt-Design-FPGA/Quartus/QuartusV2/IO_ProgramCode.vhd ;         ;
; IO_CU.vhd                        ; yes             ; User VHDL File  ; C:/Users/mozzr/Documents/GitHub/EIT4-414/Projekt-Design-FPGA/Quartus/QuartusV2/IO_CU.vhd          ;         ;
; IO_ALU.vhd                       ; yes             ; User VHDL File  ; C:/Users/mozzr/Documents/GitHub/EIT4-414/Projekt-Design-FPGA/Quartus/QuartusV2/IO_ALU.vhd         ;         ;
; Display.vhd                      ; yes             ; User VHDL File  ; C:/Users/mozzr/Documents/GitHub/EIT4-414/Projekt-Design-FPGA/Quartus/QuartusV2/Display.vhd        ;         ;
; CU.vhd                           ; yes             ; User VHDL File  ; C:/Users/mozzr/Documents/GitHub/EIT4-414/Projekt-Design-FPGA/Quartus/QuartusV2/CU.vhd             ;         ;
; BinaryToBCD.vhd                  ; yes             ; User VHDL File  ; C:/Users/mozzr/Documents/GitHub/EIT4-414/Projekt-Design-FPGA/Quartus/QuartusV2/BinaryToBCD.vhd    ;         ;
; ALU.vhd                          ; yes             ; User VHDL File  ; C:/Users/mozzr/Documents/GitHub/EIT4-414/Projekt-Design-FPGA/Quartus/QuartusV2/ALU.vhd            ;         ;
+----------------------------------+-----------------+-----------------+---------------------------------------------------------------------------------------------------+---------+


+-----------------------------------------------------------------------+
; Analysis & Synthesis Resource Usage Summary                           ;
+---------------------------------------------+-------------------------+
; Resource                                    ; Usage                   ;
+---------------------------------------------+-------------------------+
; Estimate of Logic utilization (ALMs needed) ; 0                       ;
;                                             ;                         ;
; Combinational ALUT usage for logic          ; 0                       ;
;     -- 7 input functions                    ; 0                       ;
;     -- 6 input functions                    ; 0                       ;
;     -- 5 input functions                    ; 0                       ;
;     -- 4 input functions                    ; 0                       ;
;     -- <=3 input functions                  ; 0                       ;
;                                             ;                         ;
; Dedicated logic registers                   ; 0                       ;
;                                             ;                         ;
; I/O pins                                    ; 47                      ;
;                                             ;                         ;
; Total DSP Blocks                            ; 0                       ;
;                                             ;                         ;
; Maximum fan-out node                        ; DisplayOutput[0]~output ;
; Maximum fan-out                             ; 1                       ;
; Total fan-out                               ; 47                      ;
; Average fan-out                             ; 0.50                    ;
+---------------------------------------------+-------------------------+


+----------------------------------------------------------------------------------------------------------------------------------------------------------------------------------------+
; Analysis & Synthesis Resource Utilization by Entity                                                                                                                                    ;
+----------------------------+---------------------+---------------------------+-------------------+------------+------+--------------+---------------------+-------------+--------------+
; Compilation Hierarchy Node ; Combinational ALUTs ; Dedicated Logic Registers ; Block Memory Bits ; DSP Blocks ; Pins ; Virtual Pins ; Full Hierarchy Name ; Entity Name ; Library Name ;
+----------------------------+---------------------+---------------------------+-------------------+------------+------+--------------+---------------------+-------------+--------------+
; |TestBench                 ; 0 (0)               ; 0 (0)                     ; 0                 ; 0          ; 47   ; 0            ; |TestBench          ; TestBench   ; work         ;
+----------------------------+---------------------+---------------------------+-------------------+------------+------+--------------+---------------------+-------------+--------------+
Note: For table entries with two numbers listed, the numbers in parentheses indicate the number of resources of the given type used by the specific entity alone. The numbers listed outside of parentheses indicate the total resources of the given type used by the specific entity and all of its sub-entities in the hierarchy.


+------------------------------------------------------------------------------------------+
; Registers Removed During Synthesis                                                       ;
+-------------------------------------------+----------------------------------------------+
; Register name                             ; Reason for Removal                           ;
+-------------------------------------------+----------------------------------------------+
; Numpad:i_Numpad|ActionJackson[6]          ; Stuck at GND due to stuck port data_in       ;
; BinaryToBCD:i_BCD|Decimal[5][2]           ; Merged with BinaryToBCD:i_BCD|Decimal[5][1]  ;
; BinaryToBCD:i_BCD|Decimal[5][3]           ; Merged with BinaryToBCD:i_BCD|Decimal[5][1]  ;
; BinaryToBCD:i_BCD|FirstDigit[3..9,11..31] ; Merged with BinaryToBCD:i_BCD|FirstDigit[10] ;
; BinaryToBCD:i_BCD|Decimal[5][1]           ; Stuck at VCC due to stuck port data_in       ;
; BinaryToBCD:i_BCD|CurrentValue[0..31]     ; Stuck at GND due to stuck port data_in       ;
; BinaryToBCD:i_BCD|FirstDigit[10]          ; Stuck at GND due to stuck port data_in       ;
; BinaryToBCD:i_BCD|Waiting                 ; Stuck at GND due to stuck port data_in       ;
; BinaryToBCD:i_BCD|Busy                    ; Stuck at GND due to stuck port data_in       ;
; BinaryToBCD:i_BCD|FirstDigit[0..2]        ; Lost fanout                                  ;
; BinaryToBCD:i_BCD|Decimal[0][3]           ; Stuck at GND due to stuck port clock_enable  ;
; BinaryToBCD:i_BCD|Decimal[0][2]           ; Stuck at GND due to stuck port clock_enable  ;
; BinaryToBCD:i_BCD|Decimal[0][1]           ; Stuck at GND due to stuck port clock_enable  ;
; BinaryToBCD:i_BCD|Decimal[0][0]           ; Stuck at GND due to stuck port clock_enable  ;
; BinaryToBCD:i_BCD|Decimal[1][3]           ; Stuck at VCC due to stuck port clock_enable  ;
; BinaryToBCD:i_BCD|Decimal[1][2]           ; Stuck at VCC due to stuck port clock_enable  ;
; BinaryToBCD:i_BCD|Decimal[1][1]           ; Stuck at VCC due to stuck port clock_enable  ;
; BinaryToBCD:i_BCD|Decimal[1][0]           ; Stuck at VCC due to stuck port clock_enable  ;
; BinaryToBCD:i_BCD|Decimal[2][3]           ; Stuck at VCC due to stuck port clock_enable  ;
; BinaryToBCD:i_BCD|Decimal[2][2]           ; Stuck at VCC due to stuck port clock_enable  ;
; BinaryToBCD:i_BCD|Decimal[2][1]           ; Stuck at VCC due to stuck port clock_enable  ;
; BinaryToBCD:i_BCD|Decimal[2][0]           ; Stuck at VCC due to stuck port clock_enable  ;
; BinaryToBCD:i_BCD|Decimal[3][3]           ; Stuck at VCC due to stuck port clock_enable  ;
; BinaryToBCD:i_BCD|Decimal[3][2]           ; Stuck at VCC due to stuck port clock_enable  ;
; BinaryToBCD:i_BCD|Decimal[3][1]           ; Stuck at VCC due to stuck port clock_enable  ;
; BinaryToBCD:i_BCD|Decimal[3][0]           ; Stuck at VCC due to stuck port clock_enable  ;
; BinaryToBCD:i_BCD|Decimal[4][3]           ; Stuck at VCC due to stuck port clock_enable  ;
; BinaryToBCD:i_BCD|Decimal[4][2]           ; Stuck at VCC due to stuck port clock_enable  ;
; BinaryToBCD:i_BCD|Decimal[4][1]           ; Stuck at VCC due to stuck port clock_enable  ;
; BinaryToBCD:i_BCD|Decimal[4][0]           ; Stuck at VCC due to stuck port clock_enable  ;
; BinaryToBCD:i_BCD|Decimal[5][0]           ; Stuck at VCC due to stuck port clock_enable  ;
; BinaryToBCD:i_BCD|Scratchpad[0..30]       ; Stuck at GND due to stuck port clock_enable  ;
; BinaryToBCD:i_BCD|Minus                   ; Lost fanout                                  ;
; BinaryToBCD:i_BCD|ConvProgress[1]         ; Lost fanout                                  ;
; BinaryToBCD:i_BCD|Scratchpad[31]          ; Lost fanout                                  ;
; BinaryToBCD:i_BCD|ConvProgress[0,2]       ; Lost fanout                                  ;
; Total Number of Removed Registers = 127   ;                                              ;
+-------------------------------------------+----------------------------------------------+


+--------------------------------------------------------------------------------------------------------------------------------------+
; Removed Registers Triggering Further Register Optimizations                                                                          ;
+----------------------------------+---------------------------+-----------------------------------------------------------------------+
; Register name                    ; Reason for Removal        ; Registers Removed due to This Register                                ;
+----------------------------------+---------------------------+-----------------------------------------------------------------------+
; BinaryToBCD:i_BCD|Busy           ; Stuck at GND              ; BinaryToBCD:i_BCD|Scratchpad[3], BinaryToBCD:i_BCD|Scratchpad[30],    ;
;                                  ; due to stuck port data_in ; BinaryToBCD:i_BCD|Scratchpad[29], BinaryToBCD:i_BCD|Scratchpad[28],   ;
;                                  ;                           ; BinaryToBCD:i_BCD|Scratchpad[27], BinaryToBCD:i_BCD|Scratchpad[26],   ;
;                                  ;                           ; BinaryToBCD:i_BCD|Scratchpad[25], BinaryToBCD:i_BCD|Scratchpad[24],   ;
;                                  ;                           ; BinaryToBCD:i_BCD|Scratchpad[23], BinaryToBCD:i_BCD|Scratchpad[22],   ;
;                                  ;                           ; BinaryToBCD:i_BCD|Scratchpad[21], BinaryToBCD:i_BCD|Scratchpad[20],   ;
;                                  ;                           ; BinaryToBCD:i_BCD|Scratchpad[19], BinaryToBCD:i_BCD|Scratchpad[18],   ;
;                                  ;                           ; BinaryToBCD:i_BCD|Scratchpad[17], BinaryToBCD:i_BCD|Scratchpad[16],   ;
;                                  ;                           ; BinaryToBCD:i_BCD|Scratchpad[15], BinaryToBCD:i_BCD|Scratchpad[14],   ;
;                                  ;                           ; BinaryToBCD:i_BCD|Scratchpad[13], BinaryToBCD:i_BCD|Scratchpad[12],   ;
;                                  ;                           ; BinaryToBCD:i_BCD|Scratchpad[11], BinaryToBCD:i_BCD|Scratchpad[10],   ;
;                                  ;                           ; BinaryToBCD:i_BCD|Scratchpad[9], BinaryToBCD:i_BCD|Scratchpad[8],     ;
;                                  ;                           ; BinaryToBCD:i_BCD|Scratchpad[7], BinaryToBCD:i_BCD|Scratchpad[6],     ;
;                                  ;                           ; BinaryToBCD:i_BCD|Scratchpad[5], BinaryToBCD:i_BCD|Scratchpad[4],     ;
;                                  ;                           ; BinaryToBCD:i_BCD|Scratchpad[2], BinaryToBCD:i_BCD|Scratchpad[0],     ;
;                                  ;                           ; BinaryToBCD:i_BCD|Scratchpad[1]                                       ;
; BinaryToBCD:i_BCD|FirstDigit[10] ; Stuck at GND              ; BinaryToBCD:i_BCD|Decimal[0][3], BinaryToBCD:i_BCD|Decimal[0][2],     ;
;                                  ; due to stuck port data_in ; BinaryToBCD:i_BCD|Decimal[0][1], BinaryToBCD:i_BCD|Decimal[0][0],     ;
;                                  ;                           ; BinaryToBCD:i_BCD|Decimal[1][3], BinaryToBCD:i_BCD|Decimal[1][2],     ;
;                                  ;                           ; BinaryToBCD:i_BCD|Decimal[1][1], BinaryToBCD:i_BCD|Decimal[1][0],     ;
;                                  ;                           ; BinaryToBCD:i_BCD|Decimal[2][3], BinaryToBCD:i_BCD|Decimal[2][2],     ;
;                                  ;                           ; BinaryToBCD:i_BCD|Decimal[2][1], BinaryToBCD:i_BCD|Decimal[2][0],     ;
;                                  ;                           ; BinaryToBCD:i_BCD|Decimal[3][3], BinaryToBCD:i_BCD|Decimal[3][2],     ;
;                                  ;                           ; BinaryToBCD:i_BCD|Decimal[3][1], BinaryToBCD:i_BCD|Decimal[3][0],     ;
;                                  ;                           ; BinaryToBCD:i_BCD|Decimal[4][3], BinaryToBCD:i_BCD|Decimal[4][2],     ;
;                                  ;                           ; BinaryToBCD:i_BCD|Decimal[4][1], BinaryToBCD:i_BCD|Decimal[4][0],     ;
;                                  ;                           ; BinaryToBCD:i_BCD|Scratchpad[31]                                      ;
; BinaryToBCD:i_BCD|Decimal[5][1]  ; Stuck at VCC              ; BinaryToBCD:i_BCD|FirstDigit[0], BinaryToBCD:i_BCD|FirstDigit[1],     ;
;                                  ; due to stuck port data_in ; BinaryToBCD:i_BCD|FirstDigit[2], BinaryToBCD:i_BCD|Minus,             ;
;                                  ;                           ; BinaryToBCD:i_BCD|ConvProgress[1], BinaryToBCD:i_BCD|ConvProgress[0], ;
;                                  ;                           ; BinaryToBCD:i_BCD|ConvProgress[2]                                     ;
; BinaryToBCD:i_BCD|Waiting        ; Stuck at GND              ; BinaryToBCD:i_BCD|Decimal[5][0]                                       ;
;                                  ; due to stuck port data_in ;                                                                       ;
+----------------------------------+---------------------------+-----------------------------------------------------------------------+


+------------------------------------------------------+
; General Register Statistics                          ;
+----------------------------------------------+-------+
; Statistic                                    ; Value ;
+----------------------------------------------+-------+
; Total registers                              ; 0     ;
; Number of registers using Synchronous Clear  ; 0     ;
; Number of registers using Synchronous Load   ; 0     ;
; Number of registers using Asynchronous Clear ; 0     ;
; Number of registers using Asynchronous Load  ; 0     ;
; Number of registers using Clock Enable       ; 0     ;
; Number of registers using Preset             ; 0     ;
+----------------------------------------------+-------+


+-----------------------------------------------------------------------------------------------------------------------------------------------------------+
; Multiplexer Restructuring Statistics (Restructuring Performed)                                                                                            ;
+--------------------+-----------+---------------+----------------------+------------------------+------------+---------------------------------------------+
; Multiplexer Inputs ; Bus Width ; Baseline Area ; Area if Restructured ; Saving if Restructured ; Registered ; Example Multiplexer Output                  ;
+--------------------+-----------+---------------+----------------------+------------------------+------------+---------------------------------------------+
; 13:1               ; 4 bits    ; 32 LEs        ; 8 LEs                ; 24 LEs                 ; Yes        ; |TestBench|BinaryToBCD:i_BCD|Decimal[0][3]  ;
; 14:1               ; 31 bits   ; 279 LEs       ; 93 LEs               ; 186 LEs                ; Yes        ; |TestBench|BinaryToBCD:i_BCD|Scratchpad[15] ;
; 4:1                ; 2 bits    ; 4 LEs         ; 2 LEs                ; 2 LEs                  ; Yes        ; |TestBench|BinaryToBCD:i_BCD|Decimal[5][1]  ;
; 13:1               ; 4 bits    ; 32 LEs        ; 8 LEs                ; 24 LEs                 ; Yes        ; |TestBench|BinaryToBCD:i_BCD|Decimal[1][3]  ;
; 13:1               ; 4 bits    ; 32 LEs        ; 8 LEs                ; 24 LEs                 ; Yes        ; |TestBench|BinaryToBCD:i_BCD|Decimal[2][2]  ;
; 13:1               ; 4 bits    ; 32 LEs        ; 8 LEs                ; 24 LEs                 ; Yes        ; |TestBench|BinaryToBCD:i_BCD|Decimal[3][3]  ;
; 13:1               ; 4 bits    ; 32 LEs        ; 8 LEs                ; 24 LEs                 ; Yes        ; |TestBench|BinaryToBCD:i_BCD|Decimal[4][3]  ;
+--------------------+-----------+---------------+----------------------+------------------------+------------+---------------------------------------------+


+-----------------------------------------------------+
; Post-Synthesis Netlist Statistics for Top Partition ;
+-----------------------+-----------------------------+
; Type                  ; Count                       ;
+-----------------------+-----------------------------+
; arriav_lcell_comb     ; 2                           ;
;     normal            ; 2                           ;
;         0 data inputs ; 2                           ;
; boundary_port         ; 47                          ;
;                       ;                             ;
; Max LUT depth         ; 0.00                        ;
; Average LUT depth     ; 0.00                        ;
+-----------------------+-----------------------------+


+-------------------------------+
; Elapsed Time Per Partition    ;
+----------------+--------------+
; Partition Name ; Elapsed Time ;
+----------------+--------------+
; Top            ; 00:00:00     ;
+----------------+--------------+


+-------------------------------+
; Analysis & Synthesis Messages ;
+-------------------------------+
Info: *******************************************************************
Info: Running Quartus Prime Analysis & Synthesis
    Info: Version 18.1.0 Build 625 09/12/2018 SJ Lite Edition
    Info: Processing started: Thu Apr 30 13:49:43 2020
Info: Command: quartus_map --read_settings_files=on --write_settings_files=off LomeregnerV2 -c LomeregnerV2
Warning (18236): Number of processors has not been specified which may cause overloading on shared machines.  Set the global assignment NUM_PARALLEL_PROCESSORS in your QSF to an appropriate value for best performance.
Info (20030): Parallel compilation is enabled and will use 4 of the 4 processors detected
Info (12021): Found 2 design units, including 1 entities, in source file testbench.vhd
    Info (12022): Found design unit 1: TestBench-sim File: C:/Users/mozzr/Documents/GitHub/EIT4-414/Projekt-Design-FPGA/Quartus/QuartusV2/TestBench.vhd Line: 19
    Info (12023): Found entity 1: TestBench File: C:/Users/mozzr/Documents/GitHub/EIT4-414/Projekt-Design-FPGA/Quartus/QuartusV2/TestBench.vhd Line: 7
Info (12021): Found 2 design units, including 1 entities, in source file programcode.vhd
    Info (12022): Found design unit 1: Programcode-rtl File: C:/Users/mozzr/Documents/GitHub/EIT4-414/Projekt-Design-FPGA/Quartus/QuartusV2/ProgramCode.vhd Line: 12
    Info (12023): Found entity 1: ProgramCode File: C:/Users/mozzr/Documents/GitHub/EIT4-414/Projekt-Design-FPGA/Quartus/QuartusV2/ProgramCode.vhd Line: 5
Info (12021): Found 2 design units, including 1 entities, in source file numpad.vhd
    Info (12022): Found design unit 1: Numpad-sim File: C:/Users/mozzr/Documents/GitHub/EIT4-414/Projekt-Design-FPGA/Quartus/QuartusV2/Numpad.vhd Line: 25
    Info (12023): Found entity 1: Numpad File: C:/Users/mozzr/Documents/GitHub/EIT4-414/Projekt-Design-FPGA/Quartus/QuartusV2/Numpad.vhd Line: 5
Info (12021): Found 2 design units, including 1 entities, in source file memory.vhd
    Info (12022): Found design unit 1: Memory-rtl File: C:/Users/mozzr/Documents/GitHub/EIT4-414/Projekt-Design-FPGA/Quartus/QuartusV2/Memory.vhd Line: 31
    Info (12023): Found entity 1: Memory File: C:/Users/mozzr/Documents/GitHub/EIT4-414/Projekt-Design-FPGA/Quartus/QuartusV2/Memory.vhd Line: 5
Info (12021): Found 2 design units, including 1 entities, in source file io_programcode.vhd
    Info (12022): Found design unit 1: IO_Programcode-rtl File: C:/Users/mozzr/Documents/GitHub/EIT4-414/Projekt-Design-FPGA/Quartus/QuartusV2/IO_ProgramCode.vhd Line: 12
    Info (12023): Found entity 1: IO_ProgramCode File: C:/Users/mozzr/Documents/GitHub/EIT4-414/Projekt-Design-FPGA/Quartus/QuartusV2/IO_ProgramCode.vhd Line: 5
Info (12021): Found 2 design units, including 1 entities, in source file io_cu.vhd
    Info (12022): Found design unit 1: IO_CU-rtl File: C:/Users/mozzr/Documents/GitHub/EIT4-414/Projekt-Design-FPGA/Quartus/QuartusV2/IO_CU.vhd Line: 16
    Info (12023): Found entity 1: IO_CU File: C:/Users/mozzr/Documents/GitHub/EIT4-414/Projekt-Design-FPGA/Quartus/QuartusV2/IO_CU.vhd Line: 5
Info (12021): Found 2 design units, including 1 entities, in source file io_alu.vhd
    Info (12022): Found design unit 1: IO_ALU-rtl File: C:/Users/mozzr/Documents/GitHub/EIT4-414/Projekt-Design-FPGA/Quartus/QuartusV2/IO_ALU.vhd Line: 23
    Info (12023): Found entity 1: IO_ALU File: C:/Users/mozzr/Documents/GitHub/EIT4-414/Projekt-Design-FPGA/Quartus/QuartusV2/IO_ALU.vhd Line: 6
Info (12021): Found 2 design units, including 1 entities, in source file display.vhd
    Info (12022): Found design unit 1: Display-sim File: C:/Users/mozzr/Documents/GitHub/EIT4-414/Projekt-Design-FPGA/Quartus/QuartusV2/Display.vhd Line: 16
    Info (12023): Found entity 1: Display File: C:/Users/mozzr/Documents/GitHub/EIT4-414/Projekt-Design-FPGA/Quartus/QuartusV2/Display.vhd Line: 5
Info (12021): Found 2 design units, including 1 entities, in source file cu.vhd
    Info (12022): Found design unit 1: CU-rtl File: C:/Users/mozzr/Documents/GitHub/EIT4-414/Projekt-Design-FPGA/Quartus/QuartusV2/CU.vhd Line: 20
    Info (12023): Found entity 1: CU File: C:/Users/mozzr/Documents/GitHub/EIT4-414/Projekt-Design-FPGA/Quartus/QuartusV2/CU.vhd Line: 5
Info (12021): Found 2 design units, including 1 entities, in source file clockdividermodule.vhd
    Info (12022): Found design unit 1: ClockDividerModule-sim File: C:/Users/mozzr/Documents/GitHub/EIT4-414/Projekt-Design-FPGA/Quartus/QuartusV2/ClockDividerModule.vhd Line: 17
    Info (12023): Found entity 1: ClockDividerModule File: C:/Users/mozzr/Documents/GitHub/EIT4-414/Projekt-Design-FPGA/Quartus/QuartusV2/ClockDividerModule.vhd Line: 7
Info (12021): Found 2 design units, including 1 entities, in source file binarytobcd.vhd
    Info (12022): Found design unit 1: BinaryToBCD-sim File: C:/Users/mozzr/Documents/GitHub/EIT4-414/Projekt-Design-FPGA/Quartus/QuartusV2/BinaryToBCD.vhd Line: 16
    Info (12023): Found entity 1: BinaryToBCD File: C:/Users/mozzr/Documents/GitHub/EIT4-414/Projekt-Design-FPGA/Quartus/QuartusV2/BinaryToBCD.vhd Line: 5
Info (12021): Found 2 design units, including 1 entities, in source file alu.vhd
    Info (12022): Found design unit 1: ALU-rtl File: C:/Users/mozzr/Documents/GitHub/EIT4-414/Projekt-Design-FPGA/Quartus/QuartusV2/ALU.vhd Line: 24
    Info (12023): Found entity 1: ALU File: C:/Users/mozzr/Documents/GitHub/EIT4-414/Projekt-Design-FPGA/Quartus/QuartusV2/ALU.vhd Line: 6
Info (12127): Elaborating entity "TestBench" for the top level hierarchy
Info (12128): Elaborating entity "BinaryToBCD" for hierarchy "BinaryToBCD:i_BCD" File: C:/Users/mozzr/Documents/GitHub/EIT4-414/Projekt-Design-FPGA/Quartus/QuartusV2/TestBench.vhd Line: 249
Warning (10492): VHDL Process Statement warning at BinaryToBCD.vhd(134): signal "CurrentValue" is read inside the Process Statement but isn't in the Process Statement's sensitivity list File: C:/Users/mozzr/Documents/GitHub/EIT4-414/Projekt-Design-FPGA/Quartus/QuartusV2/BinaryToBCD.vhd Line: 134
Warning (10492): VHDL Process Statement warning at BinaryToBCD.vhd(134): signal "Waiting" is read inside the Process Statement but isn't in the Process Statement's sensitivity list File: C:/Users/mozzr/Documents/GitHub/EIT4-414/Projekt-Design-FPGA/Quartus/QuartusV2/BinaryToBCD.vhd Line: 134
Warning (10492): VHDL Process Statement warning at BinaryToBCD.vhd(149): signal "CurrentValue" is read inside the Process Statement but isn't in the Process Statement's sensitivity list File: C:/Users/mozzr/Documents/GitHub/EIT4-414/Projekt-Design-FPGA/Quartus/QuartusV2/BinaryToBCD.vhd Line: 149
Warning (10492): VHDL Process Statement warning at BinaryToBCD.vhd(163): signal "Decimal" is read inside the Process Statement but isn't in the Process Statement's sensitivity list File: C:/Users/mozzr/Documents/GitHub/EIT4-414/Projekt-Design-FPGA/Quartus/QuartusV2/BinaryToBCD.vhd Line: 163
Info (12128): Elaborating entity "Display" for hierarchy "Display:i_Display" File: C:/Users/mozzr/Documents/GitHub/EIT4-414/Projekt-Design-FPGA/Quartus/QuartusV2/TestBench.vhd Line: 256
Warning (10492): VHDL Process Statement warning at Display.vhd(43): signal "Digit" is read inside the Process Statement but isn't in the Process Statement's sensitivity list File: C:/Users/mozzr/Documents/GitHub/EIT4-414/Projekt-Design-FPGA/Quartus/QuartusV2/Display.vhd Line: 43
Warning (10492): VHDL Process Statement warning at Display.vhd(65): signal "DisplayRAM" is read inside the Process Statement but isn't in the Process Statement's sensitivity list File: C:/Users/mozzr/Documents/GitHub/EIT4-414/Projekt-Design-FPGA/Quartus/QuartusV2/Display.vhd Line: 65
Info (12128): Elaborating entity "Numpad" for hierarchy "Numpad:i_Numpad" File: C:/Users/mozzr/Documents/GitHub/EIT4-414/Projekt-Design-FPGA/Quartus/QuartusV2/TestBench.vhd Line: 262
Warning (10541): VHDL Signal Declaration warning at Numpad.vhd(11): used implicit default value for signal "Binary" because signal was never assigned a value or an explicit default value. Use of implicit default value may introduce unintended design optimizations. File: C:/Users/mozzr/Documents/GitHub/EIT4-414/Projekt-Design-FPGA/Quartus/QuartusV2/Numpad.vhd Line: 11
Info (12128): Elaborating entity "IO_ALU" for hierarchy "IO_ALU:i_IO_ALU" File: C:/Users/mozzr/Documents/GitHub/EIT4-414/Projekt-Design-FPGA/Quartus/QuartusV2/TestBench.vhd Line: 277
Warning (10492): VHDL Process Statement warning at IO_ALU.vhd(31): signal "ClockCycle" is read inside the Process Statement but isn't in the Process Statement's sensitivity list File: C:/Users/mozzr/Documents/GitHub/EIT4-414/Projekt-Design-FPGA/Quartus/QuartusV2/IO_ALU.vhd Line: 31
Warning (10492): VHDL Process Statement warning at IO_ALU.vhd(33): signal "IO_ConBusALU" is read inside the Process Statement but isn't in the Process Statement's sensitivity list File: C:/Users/mozzr/Documents/GitHub/EIT4-414/Projekt-Design-FPGA/Quartus/QuartusV2/IO_ALU.vhd Line: 33
Warning (10492): VHDL Process Statement warning at IO_ALU.vhd(40): signal "InputValueOne" is read inside the Process Statement but isn't in the Process Statement's sensitivity list File: C:/Users/mozzr/Documents/GitHub/EIT4-414/Projekt-Design-FPGA/Quartus/QuartusV2/IO_ALU.vhd Line: 40
Warning (10492): VHDL Process Statement warning at IO_ALU.vhd(43): signal "InputValueTwo" is read inside the Process Statement but isn't in the Process Statement's sensitivity list File: C:/Users/mozzr/Documents/GitHub/EIT4-414/Projekt-Design-FPGA/Quartus/QuartusV2/IO_ALU.vhd Line: 43
Warning (10492): VHDL Process Statement warning at IO_ALU.vhd(46): signal "IO_DataBusReg" is read inside the Process Statement but isn't in the Process Statement's sensitivity list File: C:/Users/mozzr/Documents/GitHub/EIT4-414/Projekt-Design-FPGA/Quartus/QuartusV2/IO_ALU.vhd Line: 46
Warning (10492): VHDL Process Statement warning at IO_ALU.vhd(49): signal "ActionJackson" is read inside the Process Statement but isn't in the Process Statement's sensitivity list File: C:/Users/mozzr/Documents/GitHub/EIT4-414/Projekt-Design-FPGA/Quartus/QuartusV2/IO_ALU.vhd Line: 49
Warning (10492): VHDL Process Statement warning at IO_ALU.vhd(52): signal "IO_DataBusReg" is read inside the Process Statement but isn't in the Process Statement's sensitivity list File: C:/Users/mozzr/Documents/GitHub/EIT4-414/Projekt-Design-FPGA/Quartus/QuartusV2/IO_ALU.vhd Line: 52
Warning (10631): VHDL Process Statement warning at IO_ALU.vhd(29): inferring latch(es) for signal or variable "IO_NSelOut", which holds its previous value in one or more paths through the process File: C:/Users/mozzr/Documents/GitHub/EIT4-414/Projekt-Design-FPGA/Quartus/QuartusV2/IO_ALU.vhd Line: 29
Warning (10631): VHDL Process Statement warning at IO_ALU.vhd(29): inferring latch(es) for signal or variable "IO_DataBusMemOutput", which holds its previous value in one or more paths through the process File: C:/Users/mozzr/Documents/GitHub/EIT4-414/Projekt-Design-FPGA/Quartus/QuartusV2/IO_ALU.vhd Line: 29
Warning (10631): VHDL Process Statement warning at IO_ALU.vhd(29): inferring latch(es) for signal or variable "Result", which holds its previous value in one or more paths through the process File: C:/Users/mozzr/Documents/GitHub/EIT4-414/Projekt-Design-FPGA/Quartus/QuartusV2/IO_ALU.vhd Line: 29
Warning (10631): VHDL Process Statement warning at IO_ALU.vhd(29): inferring latch(es) for signal or variable "IO_TBR", which holds its previous value in one or more paths through the process File: C:/Users/mozzr/Documents/GitHub/EIT4-414/Projekt-Design-FPGA/Quartus/QuartusV2/IO_ALU.vhd Line: 29
Info (10041): Inferred latch for "IO_TBR" at IO_ALU.vhd(29) File: C:/Users/mozzr/Documents/GitHub/EIT4-414/Projekt-Design-FPGA/Quartus/QuartusV2/IO_ALU.vhd Line: 29
Info (10041): Inferred latch for "Result[0]" at IO_ALU.vhd(29) File: C:/Users/mozzr/Documents/GitHub/EIT4-414/Projekt-Design-FPGA/Quartus/QuartusV2/IO_ALU.vhd Line: 29
Info (10041): Inferred latch for "Result[1]" at IO_ALU.vhd(29) File: C:/Users/mozzr/Documents/GitHub/EIT4-414/Projekt-Design-FPGA/Quartus/QuartusV2/IO_ALU.vhd Line: 29
Info (10041): Inferred latch for "Result[2]" at IO_ALU.vhd(29) File: C:/Users/mozzr/Documents/GitHub/EIT4-414/Projekt-Design-FPGA/Quartus/QuartusV2/IO_ALU.vhd Line: 29
Info (10041): Inferred latch for "Result[3]" at IO_ALU.vhd(29) File: C:/Users/mozzr/Documents/GitHub/EIT4-414/Projekt-Design-FPGA/Quartus/QuartusV2/IO_ALU.vhd Line: 29
Info (10041): Inferred latch for "Result[4]" at IO_ALU.vhd(29) File: C:/Users/mozzr/Documents/GitHub/EIT4-414/Projekt-Design-FPGA/Quartus/QuartusV2/IO_ALU.vhd Line: 29
Info (10041): Inferred latch for "Result[5]" at IO_ALU.vhd(29) File: C:/Users/mozzr/Documents/GitHub/EIT4-414/Projekt-Design-FPGA/Quartus/QuartusV2/IO_ALU.vhd Line: 29
Info (10041): Inferred latch for "Result[6]" at IO_ALU.vhd(29) File: C:/Users/mozzr/Documents/GitHub/EIT4-414/Projekt-Design-FPGA/Quartus/QuartusV2/IO_ALU.vhd Line: 29
Info (10041): Inferred latch for "Result[7]" at IO_ALU.vhd(29) File: C:/Users/mozzr/Documents/GitHub/EIT4-414/Projekt-Design-FPGA/Quartus/QuartusV2/IO_ALU.vhd Line: 29
Info (10041): Inferred latch for "IO_DataBusMemOutput[0]" at IO_ALU.vhd(29) File: C:/Users/mozzr/Documents/GitHub/EIT4-414/Projekt-Design-FPGA/Quartus/QuartusV2/IO_ALU.vhd Line: 29
Info (10041): Inferred latch for "IO_DataBusMemOutput[1]" at IO_ALU.vhd(29) File: C:/Users/mozzr/Documents/GitHub/EIT4-414/Projekt-Design-FPGA/Quartus/QuartusV2/IO_ALU.vhd Line: 29
Info (10041): Inferred latch for "IO_DataBusMemOutput[2]" at IO_ALU.vhd(29) File: C:/Users/mozzr/Documents/GitHub/EIT4-414/Projekt-Design-FPGA/Quartus/QuartusV2/IO_ALU.vhd Line: 29
Info (10041): Inferred latch for "IO_DataBusMemOutput[3]" at IO_ALU.vhd(29) File: C:/Users/mozzr/Documents/GitHub/EIT4-414/Projekt-Design-FPGA/Quartus/QuartusV2/IO_ALU.vhd Line: 29
Info (10041): Inferred latch for "IO_DataBusMemOutput[4]" at IO_ALU.vhd(29) File: C:/Users/mozzr/Documents/GitHub/EIT4-414/Projekt-Design-FPGA/Quartus/QuartusV2/IO_ALU.vhd Line: 29
Info (10041): Inferred latch for "IO_DataBusMemOutput[5]" at IO_ALU.vhd(29) File: C:/Users/mozzr/Documents/GitHub/EIT4-414/Projekt-Design-FPGA/Quartus/QuartusV2/IO_ALU.vhd Line: 29
Info (10041): Inferred latch for "IO_DataBusMemOutput[6]" at IO_ALU.vhd(29) File: C:/Users/mozzr/Documents/GitHub/EIT4-414/Projekt-Design-FPGA/Quartus/QuartusV2/IO_ALU.vhd Line: 29
Info (10041): Inferred latch for "IO_DataBusMemOutput[7]" at IO_ALU.vhd(29) File: C:/Users/mozzr/Documents/GitHub/EIT4-414/Projekt-Design-FPGA/Quartus/QuartusV2/IO_ALU.vhd Line: 29
Info (10041): Inferred latch for "IO_NSelOut" at IO_ALU.vhd(29) File: C:/Users/mozzr/Documents/GitHub/EIT4-414/Projekt-Design-FPGA/Quartus/QuartusV2/IO_ALU.vhd Line: 29
Info (12128): Elaborating entity "IO_CU" for hierarchy "IO_CU:i_IO_CU" File: C:/Users/mozzr/Documents/GitHub/EIT4-414/Projekt-Design-FPGA/Quartus/QuartusV2/TestBench.vhd Line: 291
Info (12128): Elaborating entity "IO_ProgramCode" for hierarchy "IO_ProgramCode:i_IO_ProgramCode" File: C:/Users/mozzr/Documents/GitHub/EIT4-414/Projekt-Design-FPGA/Quartus/QuartusV2/TestBench.vhd Line: 302
Warning (10492): VHDL Process Statement warning at IO_ProgramCode.vhd(37): signal "ClockCycle" is read inside the Process Statement but isn't in the Process Statement's sensitivity list File: C:/Users/mozzr/Documents/GitHub/EIT4-414/Projekt-Design-FPGA/Quartus/QuartusV2/IO_ProgramCode.vhd Line: 37
Info (12128): Elaborating entity "ALU" for hierarchy "ALU:i_ALU" File: C:/Users/mozzr/Documents/GitHub/EIT4-414/Projekt-Design-FPGA/Quartus/QuartusV2/TestBench.vhd Line: 311
Warning (10492): VHDL Process Statement warning at ALU.vhd(51): signal "ClockCycle" is read inside the Process Statement but isn't in the Process Statement's sensitivity list File: C:/Users/mozzr/Documents/GitHub/EIT4-414/Projekt-Design-FPGA/Quartus/QuartusV2/ALU.vhd Line: 51
Warning (10492): VHDL Process Statement warning at ALU.vhd(55): signal "ConBusALU" is read inside the Process Statement but isn't in the Process Statement's sensitivity list File: C:/Users/mozzr/Documents/GitHub/EIT4-414/Projekt-Design-FPGA/Quartus/QuartusV2/ALU.vhd Line: 55
Warning (10492): VHDL Process Statement warning at ALU.vhd(61): signal "DataBusMemInput" is read inside the Process Statement but isn't in the Process Statement's sensitivity list File: C:/Users/mozzr/Documents/GitHub/EIT4-414/Projekt-Design-FPGA/Quartus/QuartusV2/ALU.vhd Line: 61
Warning (10492): VHDL Process Statement warning at ALU.vhd(64): signal "DataBusReg" is read inside the Process Statement but isn't in the Process Statement's sensitivity list File: C:/Users/mozzr/Documents/GitHub/EIT4-414/Projekt-Design-FPGA/Quartus/QuartusV2/ALU.vhd Line: 64
Warning (10492): VHDL Process Statement warning at ALU.vhd(67): signal "AddrBusMemInput" is read inside the Process Statement but isn't in the Process Statement's sensitivity list File: C:/Users/mozzr/Documents/GitHub/EIT4-414/Projekt-Design-FPGA/Quartus/QuartusV2/ALU.vhd Line: 67
Warning (10492): VHDL Process Statement warning at ALU.vhd(71): signal "DataBusReg" is read inside the Process Statement but isn't in the Process Statement's sensitivity list File: C:/Users/mozzr/Documents/GitHub/EIT4-414/Projekt-Design-FPGA/Quartus/QuartusV2/ALU.vhd Line: 71
Warning (10492): VHDL Process Statement warning at ALU.vhd(71): signal "DataBusMemInput" is read inside the Process Statement but isn't in the Process Statement's sensitivity list File: C:/Users/mozzr/Documents/GitHub/EIT4-414/Projekt-Design-FPGA/Quartus/QuartusV2/ALU.vhd Line: 71
Warning (10492): VHDL Process Statement warning at ALU.vhd(79): signal "DataBusReg" is read inside the Process Statement but isn't in the Process Statement's sensitivity list File: C:/Users/mozzr/Documents/GitHub/EIT4-414/Projekt-Design-FPGA/Quartus/QuartusV2/ALU.vhd Line: 79
Warning (10492): VHDL Process Statement warning at ALU.vhd(79): signal "DataBusMemInput" is read inside the Process Statement but isn't in the Process Statement's sensitivity list File: C:/Users/mozzr/Documents/GitHub/EIT4-414/Projekt-Design-FPGA/Quartus/QuartusV2/ALU.vhd Line: 79
Warning (10492): VHDL Process Statement warning at ALU.vhd(87): signal "DataBusReg" is read inside the Process Statement but isn't in the Process Statement's sensitivity list File: C:/Users/mozzr/Documents/GitHub/EIT4-414/Projekt-Design-FPGA/Quartus/QuartusV2/ALU.vhd Line: 87
Warning (10492): VHDL Process Statement warning at ALU.vhd(87): signal "AddrBusMemInput" is read inside the Process Statement but isn't in the Process Statement's sensitivity list File: C:/Users/mozzr/Documents/GitHub/EIT4-414/Projekt-Design-FPGA/Quartus/QuartusV2/ALU.vhd Line: 87
Warning (10492): VHDL Process Statement warning at ALU.vhd(93): signal "DataBusReg" is read inside the Process Statement but isn't in the Process Statement's sensitivity list File: C:/Users/mozzr/Documents/GitHub/EIT4-414/Projekt-Design-FPGA/Quartus/QuartusV2/ALU.vhd Line: 93
Warning (10492): VHDL Process Statement warning at ALU.vhd(93): signal "AddrBusMemInput" is read inside the Process Statement but isn't in the Process Statement's sensitivity list File: C:/Users/mozzr/Documents/GitHub/EIT4-414/Projekt-Design-FPGA/Quartus/QuartusV2/ALU.vhd Line: 93
Warning (10492): VHDL Process Statement warning at ALU.vhd(99): signal "DataBusReg" is read inside the Process Statement but isn't in the Process Statement's sensitivity list File: C:/Users/mozzr/Documents/GitHub/EIT4-414/Projekt-Design-FPGA/Quartus/QuartusV2/ALU.vhd Line: 99
Warning (10492): VHDL Process Statement warning at ALU.vhd(99): signal "DataBusMemInput" is read inside the Process Statement but isn't in the Process Statement's sensitivity list File: C:/Users/mozzr/Documents/GitHub/EIT4-414/Projekt-Design-FPGA/Quartus/QuartusV2/ALU.vhd Line: 99
Warning (10492): VHDL Process Statement warning at ALU.vhd(101): signal "multiReg" is read inside the Process Statement but isn't in the Process Statement's sensitivity list File: C:/Users/mozzr/Documents/GitHub/EIT4-414/Projekt-Design-FPGA/Quartus/QuartusV2/ALU.vhd Line: 101
Warning (10492): VHDL Process Statement warning at ALU.vhd(104): signal "DataBusReg" is read inside the Process Statement but isn't in the Process Statement's sensitivity list File: C:/Users/mozzr/Documents/GitHub/EIT4-414/Projekt-Design-FPGA/Quartus/QuartusV2/ALU.vhd Line: 104
Warning (10492): VHDL Process Statement warning at ALU.vhd(104): signal "AddrBusMemInput" is read inside the Process Statement but isn't in the Process Statement's sensitivity list File: C:/Users/mozzr/Documents/GitHub/EIT4-414/Projekt-Design-FPGA/Quartus/QuartusV2/ALU.vhd Line: 104
Warning (10492): VHDL Process Statement warning at ALU.vhd(106): signal "multiReg" is read inside the Process Statement but isn't in the Process Statement's sensitivity list File: C:/Users/mozzr/Documents/GitHub/EIT4-414/Projekt-Design-FPGA/Quartus/QuartusV2/ALU.vhd Line: 106
Warning (10492): VHDL Process Statement warning at ALU.vhd(109): signal "DataBusReg" is read inside the Process Statement but isn't in the Process Statement's sensitivity list File: C:/Users/mozzr/Documents/GitHub/EIT4-414/Projekt-Design-FPGA/Quartus/QuartusV2/ALU.vhd Line: 109
Warning (10492): VHDL Process Statement warning at ALU.vhd(109): signal "DataBusMemInput" is read inside the Process Statement but isn't in the Process Statement's sensitivity list File: C:/Users/mozzr/Documents/GitHub/EIT4-414/Projekt-Design-FPGA/Quartus/QuartusV2/ALU.vhd Line: 109
Warning (10492): VHDL Process Statement warning at ALU.vhd(111): signal "multiReg" is read inside the Process Statement but isn't in the Process Statement's sensitivity list File: C:/Users/mozzr/Documents/GitHub/EIT4-414/Projekt-Design-FPGA/Quartus/QuartusV2/ALU.vhd Line: 111
Warning (10492): VHDL Process Statement warning at ALU.vhd(114): signal "DataBusReg" is read inside the Process Statement but isn't in the Process Statement's sensitivity list File: C:/Users/mozzr/Documents/GitHub/EIT4-414/Projekt-Design-FPGA/Quartus/QuartusV2/ALU.vhd Line: 114
Warning (10492): VHDL Process Statement warning at ALU.vhd(114): signal "AddrBusMemInput" is read inside the Process Statement but isn't in the Process Statement's sensitivity list File: C:/Users/mozzr/Documents/GitHub/EIT4-414/Projekt-Design-FPGA/Quartus/QuartusV2/ALU.vhd Line: 114
Warning (10492): VHDL Process Statement warning at ALU.vhd(116): signal "multiReg" is read inside the Process Statement but isn't in the Process Statement's sensitivity list File: C:/Users/mozzr/Documents/GitHub/EIT4-414/Projekt-Design-FPGA/Quartus/QuartusV2/ALU.vhd Line: 116
Warning (10492): VHDL Process Statement warning at ALU.vhd(119): signal "DataBusReg" is read inside the Process Statement but isn't in the Process Statement's sensitivity list File: C:/Users/mozzr/Documents/GitHub/EIT4-414/Projekt-Design-FPGA/Quartus/QuartusV2/ALU.vhd Line: 119
Warning (10492): VHDL Process Statement warning at ALU.vhd(119): signal "DataBusMemInput" is read inside the Process Statement but isn't in the Process Statement's sensitivity list File: C:/Users/mozzr/Documents/GitHub/EIT4-414/Projekt-Design-FPGA/Quartus/QuartusV2/ALU.vhd Line: 119
Warning (10492): VHDL Process Statement warning at ALU.vhd(121): signal "multiReg" is read inside the Process Statement but isn't in the Process Statement's sensitivity list File: C:/Users/mozzr/Documents/GitHub/EIT4-414/Projekt-Design-FPGA/Quartus/QuartusV2/ALU.vhd Line: 121
Warning (10492): VHDL Process Statement warning at ALU.vhd(124): signal "DataBusMemInput" is read inside the Process Statement but isn't in the Process Statement's sensitivity list File: C:/Users/mozzr/Documents/GitHub/EIT4-414/Projekt-Design-FPGA/Quartus/QuartusV2/ALU.vhd Line: 124
Warning (10492): VHDL Process Statement warning at ALU.vhd(128): signal "DataBusReg" is read inside the Process Statement but isn't in the Process Statement's sensitivity list File: C:/Users/mozzr/Documents/GitHub/EIT4-414/Projekt-Design-FPGA/Quartus/QuartusV2/ALU.vhd Line: 128
Warning (10492): VHDL Process Statement warning at ALU.vhd(128): signal "DataBusMemInput" is read inside the Process Statement but isn't in the Process Statement's sensitivity list File: C:/Users/mozzr/Documents/GitHub/EIT4-414/Projekt-Design-FPGA/Quartus/QuartusV2/ALU.vhd Line: 128
Warning (10492): VHDL Process Statement warning at ALU.vhd(129): signal "divideReg" is read inside the Process Statement but isn't in the Process Statement's sensitivity list File: C:/Users/mozzr/Documents/GitHub/EIT4-414/Projekt-Design-FPGA/Quartus/QuartusV2/ALU.vhd Line: 129
Warning (10492): VHDL Process Statement warning at ALU.vhd(132): signal "DataBusReg" is read inside the Process Statement but isn't in the Process Statement's sensitivity list File: C:/Users/mozzr/Documents/GitHub/EIT4-414/Projekt-Design-FPGA/Quartus/QuartusV2/ALU.vhd Line: 132
Warning (10492): VHDL Process Statement warning at ALU.vhd(132): signal "DataBusMemInput" is read inside the Process Statement but isn't in the Process Statement's sensitivity list File: C:/Users/mozzr/Documents/GitHub/EIT4-414/Projekt-Design-FPGA/Quartus/QuartusV2/ALU.vhd Line: 132
Warning (10492): VHDL Process Statement warning at ALU.vhd(135): signal "DataBusReg" is read inside the Process Statement but isn't in the Process Statement's sensitivity list File: C:/Users/mozzr/Documents/GitHub/EIT4-414/Projekt-Design-FPGA/Quartus/QuartusV2/ALU.vhd Line: 135
Warning (10492): VHDL Process Statement warning at ALU.vhd(135): signal "DataBusMemInput" is read inside the Process Statement but isn't in the Process Statement's sensitivity list File: C:/Users/mozzr/Documents/GitHub/EIT4-414/Projekt-Design-FPGA/Quartus/QuartusV2/ALU.vhd Line: 135
Warning (10492): VHDL Process Statement warning at ALU.vhd(138): signal "DataBusMemInput" is read inside the Process Statement but isn't in the Process Statement's sensitivity list File: C:/Users/mozzr/Documents/GitHub/EIT4-414/Projekt-Design-FPGA/Quartus/QuartusV2/ALU.vhd Line: 138
Warning (10492): VHDL Process Statement warning at ALU.vhd(141): signal "DataBusReg" is read inside the Process Statement but isn't in the Process Statement's sensitivity list File: C:/Users/mozzr/Documents/GitHub/EIT4-414/Projekt-Design-FPGA/Quartus/QuartusV2/ALU.vhd Line: 141
Warning (10492): VHDL Process Statement warning at ALU.vhd(141): signal "DataBusMemInput" is read inside the Process Statement but isn't in the Process Statement's sensitivity list File: C:/Users/mozzr/Documents/GitHub/EIT4-414/Projekt-Design-FPGA/Quartus/QuartusV2/ALU.vhd Line: 141
Warning (10631): VHDL Process Statement warning at ALU.vhd(49): inferring latch(es) for signal or variable "NSelOut", which holds its previous value in one or more paths through the process File: C:/Users/mozzr/Documents/GitHub/EIT4-414/Projekt-Design-FPGA/Quartus/QuartusV2/ALU.vhd Line: 49
Warning (10631): VHDL Process Statement warning at ALU.vhd(49): inferring latch(es) for signal or variable "SkipProgram", which holds its previous value in one or more paths through the process File: C:/Users/mozzr/Documents/GitHub/EIT4-414/Projekt-Design-FPGA/Quartus/QuartusV2/ALU.vhd Line: 49
Warning (10631): VHDL Process Statement warning at ALU.vhd(49): inferring latch(es) for signal or variable "multiReg", which holds its previous value in one or more paths through the process File: C:/Users/mozzr/Documents/GitHub/EIT4-414/Projekt-Design-FPGA/Quartus/QuartusV2/ALU.vhd Line: 49
Warning (10631): VHDL Process Statement warning at ALU.vhd(49): inferring latch(es) for signal or variable "DataBusMemOutput", which holds its previous value in one or more paths through the process File: C:/Users/mozzr/Documents/GitHub/EIT4-414/Projekt-Design-FPGA/Quartus/QuartusV2/ALU.vhd Line: 49
Warning (10631): VHDL Process Statement warning at ALU.vhd(49): inferring latch(es) for signal or variable "TooBigResult", which holds its previous value in one or more paths through the process File: C:/Users/mozzr/Documents/GitHub/EIT4-414/Projekt-Design-FPGA/Quartus/QuartusV2/ALU.vhd Line: 49
Warning (10631): VHDL Process Statement warning at ALU.vhd(49): inferring latch(es) for signal or variable "divideReg", which holds its previous value in one or more paths through the process File: C:/Users/mozzr/Documents/GitHub/EIT4-414/Projekt-Design-FPGA/Quartus/QuartusV2/ALU.vhd Line: 49
Info (10041): Inferred latch for "divideReg[0]" at ALU.vhd(49) File: C:/Users/mozzr/Documents/GitHub/EIT4-414/Projekt-Design-FPGA/Quartus/QuartusV2/ALU.vhd Line: 49
Info (10041): Inferred latch for "divideReg[1]" at ALU.vhd(49) File: C:/Users/mozzr/Documents/GitHub/EIT4-414/Projekt-Design-FPGA/Quartus/QuartusV2/ALU.vhd Line: 49
Info (10041): Inferred latch for "divideReg[2]" at ALU.vhd(49) File: C:/Users/mozzr/Documents/GitHub/EIT4-414/Projekt-Design-FPGA/Quartus/QuartusV2/ALU.vhd Line: 49
Info (10041): Inferred latch for "divideReg[3]" at ALU.vhd(49) File: C:/Users/mozzr/Documents/GitHub/EIT4-414/Projekt-Design-FPGA/Quartus/QuartusV2/ALU.vhd Line: 49
Info (10041): Inferred latch for "divideReg[4]" at ALU.vhd(49) File: C:/Users/mozzr/Documents/GitHub/EIT4-414/Projekt-Design-FPGA/Quartus/QuartusV2/ALU.vhd Line: 49
Info (10041): Inferred latch for "divideReg[5]" at ALU.vhd(49) File: C:/Users/mozzr/Documents/GitHub/EIT4-414/Projekt-Design-FPGA/Quartus/QuartusV2/ALU.vhd Line: 49
Info (10041): Inferred latch for "divideReg[6]" at ALU.vhd(49) File: C:/Users/mozzr/Documents/GitHub/EIT4-414/Projekt-Design-FPGA/Quartus/QuartusV2/ALU.vhd Line: 49
Info (10041): Inferred latch for "divideReg[7]" at ALU.vhd(49) File: C:/Users/mozzr/Documents/GitHub/EIT4-414/Projekt-Design-FPGA/Quartus/QuartusV2/ALU.vhd Line: 49
Info (10041): Inferred latch for "TooBigResult" at ALU.vhd(49) File: C:/Users/mozzr/Documents/GitHub/EIT4-414/Projekt-Design-FPGA/Quartus/QuartusV2/ALU.vhd Line: 49
Info (10041): Inferred latch for "DataBusMemOutput[0]" at ALU.vhd(49) File: C:/Users/mozzr/Documents/GitHub/EIT4-414/Projekt-Design-FPGA/Quartus/QuartusV2/ALU.vhd Line: 49
Info (10041): Inferred latch for "DataBusMemOutput[1]" at ALU.vhd(49) File: C:/Users/mozzr/Documents/GitHub/EIT4-414/Projekt-Design-FPGA/Quartus/QuartusV2/ALU.vhd Line: 49
Info (10041): Inferred latch for "DataBusMemOutput[2]" at ALU.vhd(49) File: C:/Users/mozzr/Documents/GitHub/EIT4-414/Projekt-Design-FPGA/Quartus/QuartusV2/ALU.vhd Line: 49
Info (10041): Inferred latch for "DataBusMemOutput[3]" at ALU.vhd(49) File: C:/Users/mozzr/Documents/GitHub/EIT4-414/Projekt-Design-FPGA/Quartus/QuartusV2/ALU.vhd Line: 49
Info (10041): Inferred latch for "DataBusMemOutput[4]" at ALU.vhd(49) File: C:/Users/mozzr/Documents/GitHub/EIT4-414/Projekt-Design-FPGA/Quartus/QuartusV2/ALU.vhd Line: 49
Info (10041): Inferred latch for "DataBusMemOutput[5]" at ALU.vhd(49) File: C:/Users/mozzr/Documents/GitHub/EIT4-414/Projekt-Design-FPGA/Quartus/QuartusV2/ALU.vhd Line: 49
Info (10041): Inferred latch for "DataBusMemOutput[6]" at ALU.vhd(49) File: C:/Users/mozzr/Documents/GitHub/EIT4-414/Projekt-Design-FPGA/Quartus/QuartusV2/ALU.vhd Line: 49
Info (10041): Inferred latch for "DataBusMemOutput[7]" at ALU.vhd(49) File: C:/Users/mozzr/Documents/GitHub/EIT4-414/Projekt-Design-FPGA/Quartus/QuartusV2/ALU.vhd Line: 49
Info (10041): Inferred latch for "multiReg[0]" at ALU.vhd(49) File: C:/Users/mozzr/Documents/GitHub/EIT4-414/Projekt-Design-FPGA/Quartus/QuartusV2/ALU.vhd Line: 49
Info (10041): Inferred latch for "multiReg[1]" at ALU.vhd(49) File: C:/Users/mozzr/Documents/GitHub/EIT4-414/Projekt-Design-FPGA/Quartus/QuartusV2/ALU.vhd Line: 49
Info (10041): Inferred latch for "multiReg[2]" at ALU.vhd(49) File: C:/Users/mozzr/Documents/GitHub/EIT4-414/Projekt-Design-FPGA/Quartus/QuartusV2/ALU.vhd Line: 49
Info (10041): Inferred latch for "multiReg[3]" at ALU.vhd(49) File: C:/Users/mozzr/Documents/GitHub/EIT4-414/Projekt-Design-FPGA/Quartus/QuartusV2/ALU.vhd Line: 49
Info (10041): Inferred latch for "multiReg[4]" at ALU.vhd(49) File: C:/Users/mozzr/Documents/GitHub/EIT4-414/Projekt-Design-FPGA/Quartus/QuartusV2/ALU.vhd Line: 49
Info (10041): Inferred latch for "multiReg[5]" at ALU.vhd(49) File: C:/Users/mozzr/Documents/GitHub/EIT4-414/Projekt-Design-FPGA/Quartus/QuartusV2/ALU.vhd Line: 49
Info (10041): Inferred latch for "multiReg[6]" at ALU.vhd(49) File: C:/Users/mozzr/Documents/GitHub/EIT4-414/Projekt-Design-FPGA/Quartus/QuartusV2/ALU.vhd Line: 49
Info (10041): Inferred latch for "multiReg[7]" at ALU.vhd(49) File: C:/Users/mozzr/Documents/GitHub/EIT4-414/Projekt-Design-FPGA/Quartus/QuartusV2/ALU.vhd Line: 49
Info (10041): Inferred latch for "multiReg[8]" at ALU.vhd(49) File: C:/Users/mozzr/Documents/GitHub/EIT4-414/Projekt-Design-FPGA/Quartus/QuartusV2/ALU.vhd Line: 49
Info (10041): Inferred latch for "multiReg[9]" at ALU.vhd(49) File: C:/Users/mozzr/Documents/GitHub/EIT4-414/Projekt-Design-FPGA/Quartus/QuartusV2/ALU.vhd Line: 49
Info (10041): Inferred latch for "multiReg[10]" at ALU.vhd(49) File: C:/Users/mozzr/Documents/GitHub/EIT4-414/Projekt-Design-FPGA/Quartus/QuartusV2/ALU.vhd Line: 49
Info (10041): Inferred latch for "multiReg[11]" at ALU.vhd(49) File: C:/Users/mozzr/Documents/GitHub/EIT4-414/Projekt-Design-FPGA/Quartus/QuartusV2/ALU.vhd Line: 49
Info (10041): Inferred latch for "multiReg[12]" at ALU.vhd(49) File: C:/Users/mozzr/Documents/GitHub/EIT4-414/Projekt-Design-FPGA/Quartus/QuartusV2/ALU.vhd Line: 49
Info (10041): Inferred latch for "multiReg[13]" at ALU.vhd(49) File: C:/Users/mozzr/Documents/GitHub/EIT4-414/Projekt-Design-FPGA/Quartus/QuartusV2/ALU.vhd Line: 49
Info (10041): Inferred latch for "multiReg[14]" at ALU.vhd(49) File: C:/Users/mozzr/Documents/GitHub/EIT4-414/Projekt-Design-FPGA/Quartus/QuartusV2/ALU.vhd Line: 49
Info (10041): Inferred latch for "multiReg[15]" at ALU.vhd(49) File: C:/Users/mozzr/Documents/GitHub/EIT4-414/Projekt-Design-FPGA/Quartus/QuartusV2/ALU.vhd Line: 49
Info (10041): Inferred latch for "SkipProgram" at ALU.vhd(49) File: C:/Users/mozzr/Documents/GitHub/EIT4-414/Projekt-Design-FPGA/Quartus/QuartusV2/ALU.vhd Line: 49
Info (10041): Inferred latch for "NSelOut" at ALU.vhd(49) File: C:/Users/mozzr/Documents/GitHub/EIT4-414/Projekt-Design-FPGA/Quartus/QuartusV2/ALU.vhd Line: 49
Info (12128): Elaborating entity "CU" for hierarchy "CU:i_CU" File: C:/Users/mozzr/Documents/GitHub/EIT4-414/Projekt-Design-FPGA/Quartus/QuartusV2/TestBench.vhd Line: 324
Info (12128): Elaborating entity "ProgramCode" for hierarchy "ProgramCode:i_ProgramCode" File: C:/Users/mozzr/Documents/GitHub/EIT4-414/Projekt-Design-FPGA/Quartus/QuartusV2/TestBench.vhd Line: 339
Warning (10492): VHDL Process Statement warning at ProgramCode.vhd(95): signal "ClockCycle" is read inside the Process Statement but isn't in the Process Statement's sensitivity list File: C:/Users/mozzr/Documents/GitHub/EIT4-414/Projekt-Design-FPGA/Quartus/QuartusV2/ProgramCode.vhd Line: 95
Info (12128): Elaborating entity "Memory" for hierarchy "Memory:i_Memory" File: C:/Users/mozzr/Documents/GitHub/EIT4-414/Projekt-Design-FPGA/Quartus/QuartusV2/TestBench.vhd Line: 346
Warning (13024): Output pins are stuck at VCC or GND
    Warning (13410): Pin "DisplayOutput[0]" is stuck at VCC File: C:/Users/mozzr/Documents/GitHub/EIT4-414/Projekt-Design-FPGA/Quartus/QuartusV2/TestBench.vhd Line: 10
    Warning (13410): Pin "DisplayOutput[1]" is stuck at GND File: C:/Users/mozzr/Documents/GitHub/EIT4-414/Projekt-Design-FPGA/Quartus/QuartusV2/TestBench.vhd Line: 10
    Warning (13410): Pin "DisplayOutput[2]" is stuck at GND File: C:/Users/mozzr/Documents/GitHub/EIT4-414/Projekt-Design-FPGA/Quartus/QuartusV2/TestBench.vhd Line: 10
    Warning (13410): Pin "DisplayOutput[3]" is stuck at GND File: C:/Users/mozzr/Documents/GitHub/EIT4-414/Projekt-Design-FPGA/Quartus/QuartusV2/TestBench.vhd Line: 10
    Warning (13410): Pin "DisplayOutput[4]" is stuck at GND File: C:/Users/mozzr/Documents/GitHub/EIT4-414/Projekt-Design-FPGA/Quartus/QuartusV2/TestBench.vhd Line: 10
    Warning (13410): Pin "DisplayOutput[5]" is stuck at GND File: C:/Users/mozzr/Documents/GitHub/EIT4-414/Projekt-Design-FPGA/Quartus/QuartusV2/TestBench.vhd Line: 10
    Warning (13410): Pin "DisplayOutput[6]" is stuck at GND File: C:/Users/mozzr/Documents/GitHub/EIT4-414/Projekt-Design-FPGA/Quartus/QuartusV2/TestBench.vhd Line: 10
    Warning (13410): Pin "DisplayOutput[7]" is stuck at VCC File: C:/Users/mozzr/Documents/GitHub/EIT4-414/Projekt-Design-FPGA/Quartus/QuartusV2/TestBench.vhd Line: 10
    Warning (13410): Pin "DisplayOutput[8]" is stuck at VCC File: C:/Users/mozzr/Documents/GitHub/EIT4-414/Projekt-Design-FPGA/Quartus/QuartusV2/TestBench.vhd Line: 10
    Warning (13410): Pin "DisplayOutput[9]" is stuck at VCC File: C:/Users/mozzr/Documents/GitHub/EIT4-414/Projekt-Design-FPGA/Quartus/QuartusV2/TestBench.vhd Line: 10
    Warning (13410): Pin "DisplayOutput[10]" is stuck at VCC File: C:/Users/mozzr/Documents/GitHub/EIT4-414/Projekt-Design-FPGA/Quartus/QuartusV2/TestBench.vhd Line: 10
    Warning (13410): Pin "DisplayOutput[11]" is stuck at VCC File: C:/Users/mozzr/Documents/GitHub/EIT4-414/Projekt-Design-FPGA/Quartus/QuartusV2/TestBench.vhd Line: 10
    Warning (13410): Pin "DisplayOutput[12]" is stuck at VCC File: C:/Users/mozzr/Documents/GitHub/EIT4-414/Projekt-Design-FPGA/Quartus/QuartusV2/TestBench.vhd Line: 10
    Warning (13410): Pin "DisplayOutput[13]" is stuck at VCC File: C:/Users/mozzr/Documents/GitHub/EIT4-414/Projekt-Design-FPGA/Quartus/QuartusV2/TestBench.vhd Line: 10
    Warning (13410): Pin "DisplayOutput[14]" is stuck at VCC File: C:/Users/mozzr/Documents/GitHub/EIT4-414/Projekt-Design-FPGA/Quartus/QuartusV2/TestBench.vhd Line: 10
    Warning (13410): Pin "DisplayOutput[15]" is stuck at VCC File: C:/Users/mozzr/Documents/GitHub/EIT4-414/Projekt-Design-FPGA/Quartus/QuartusV2/TestBench.vhd Line: 10
    Warning (13410): Pin "DisplayOutput[16]" is stuck at VCC File: C:/Users/mozzr/Documents/GitHub/EIT4-414/Projekt-Design-FPGA/Quartus/QuartusV2/TestBench.vhd Line: 10
    Warning (13410): Pin "DisplayOutput[17]" is stuck at VCC File: C:/Users/mozzr/Documents/GitHub/EIT4-414/Projekt-Design-FPGA/Quartus/QuartusV2/TestBench.vhd Line: 10
    Warning (13410): Pin "DisplayOutput[18]" is stuck at VCC File: C:/Users/mozzr/Documents/GitHub/EIT4-414/Projekt-Design-FPGA/Quartus/QuartusV2/TestBench.vhd Line: 10
    Warning (13410): Pin "DisplayOutput[19]" is stuck at VCC File: C:/Users/mozzr/Documents/GitHub/EIT4-414/Projekt-Design-FPGA/Quartus/QuartusV2/TestBench.vhd Line: 10
    Warning (13410): Pin "DisplayOutput[20]" is stuck at VCC File: C:/Users/mozzr/Documents/GitHub/EIT4-414/Projekt-Design-FPGA/Quartus/QuartusV2/TestBench.vhd Line: 10
    Warning (13410): Pin "DisplayOutput[21]" is stuck at VCC File: C:/Users/mozzr/Documents/GitHub/EIT4-414/Projekt-Design-FPGA/Quartus/QuartusV2/TestBench.vhd Line: 10
    Warning (13410): Pin "DisplayOutput[22]" is stuck at VCC File: C:/Users/mozzr/Documents/GitHub/EIT4-414/Projekt-Design-FPGA/Quartus/QuartusV2/TestBench.vhd Line: 10
    Warning (13410): Pin "DisplayOutput[23]" is stuck at VCC File: C:/Users/mozzr/Documents/GitHub/EIT4-414/Projekt-Design-FPGA/Quartus/QuartusV2/TestBench.vhd Line: 10
    Warning (13410): Pin "DisplayOutput[24]" is stuck at VCC File: C:/Users/mozzr/Documents/GitHub/EIT4-414/Projekt-Design-FPGA/Quartus/QuartusV2/TestBench.vhd Line: 10
    Warning (13410): Pin "DisplayOutput[25]" is stuck at VCC File: C:/Users/mozzr/Documents/GitHub/EIT4-414/Projekt-Design-FPGA/Quartus/QuartusV2/TestBench.vhd Line: 10
    Warning (13410): Pin "DisplayOutput[26]" is stuck at VCC File: C:/Users/mozzr/Documents/GitHub/EIT4-414/Projekt-Design-FPGA/Quartus/QuartusV2/TestBench.vhd Line: 10
    Warning (13410): Pin "DisplayOutput[27]" is stuck at VCC File: C:/Users/mozzr/Documents/GitHub/EIT4-414/Projekt-Design-FPGA/Quartus/QuartusV2/TestBench.vhd Line: 10
    Warning (13410): Pin "DisplayOutput[28]" is stuck at VCC File: C:/Users/mozzr/Documents/GitHub/EIT4-414/Projekt-Design-FPGA/Quartus/QuartusV2/TestBench.vhd Line: 10
    Warning (13410): Pin "DisplayOutput[29]" is stuck at VCC File: C:/Users/mozzr/Documents/GitHub/EIT4-414/Projekt-Design-FPGA/Quartus/QuartusV2/TestBench.vhd Line: 10
    Warning (13410): Pin "DisplayOutput[30]" is stuck at VCC File: C:/Users/mozzr/Documents/GitHub/EIT4-414/Projekt-Design-FPGA/Quartus/QuartusV2/TestBench.vhd Line: 10
    Warning (13410): Pin "DisplayOutput[31]" is stuck at VCC File: C:/Users/mozzr/Documents/GitHub/EIT4-414/Projekt-Design-FPGA/Quartus/QuartusV2/TestBench.vhd Line: 10
    Warning (13410): Pin "DisplayOutput[32]" is stuck at VCC File: C:/Users/mozzr/Documents/GitHub/EIT4-414/Projekt-Design-FPGA/Quartus/QuartusV2/TestBench.vhd Line: 10
    Warning (13410): Pin "DisplayOutput[33]" is stuck at VCC File: C:/Users/mozzr/Documents/GitHub/EIT4-414/Projekt-Design-FPGA/Quartus/QuartusV2/TestBench.vhd Line: 10
    Warning (13410): Pin "DisplayOutput[34]" is stuck at VCC File: C:/Users/mozzr/Documents/GitHub/EIT4-414/Projekt-Design-FPGA/Quartus/QuartusV2/TestBench.vhd Line: 10
    Warning (13410): Pin "DisplayOutput[35]" is stuck at VCC File: C:/Users/mozzr/Documents/GitHub/EIT4-414/Projekt-Design-FPGA/Quartus/QuartusV2/TestBench.vhd Line: 10
    Warning (13410): Pin "DisplayOutput[36]" is stuck at VCC File: C:/Users/mozzr/Documents/GitHub/EIT4-414/Projekt-Design-FPGA/Quartus/QuartusV2/TestBench.vhd Line: 10
    Warning (13410): Pin "DisplayOutput[37]" is stuck at VCC File: C:/Users/mozzr/Documents/GitHub/EIT4-414/Projekt-Design-FPGA/Quartus/QuartusV2/TestBench.vhd Line: 10
    Warning (13410): Pin "DisplayOutput[38]" is stuck at VCC File: C:/Users/mozzr/Documents/GitHub/EIT4-414/Projekt-Design-FPGA/Quartus/QuartusV2/TestBench.vhd Line: 10
    Warning (13410): Pin "DisplayOutput[39]" is stuck at VCC File: C:/Users/mozzr/Documents/GitHub/EIT4-414/Projekt-Design-FPGA/Quartus/QuartusV2/TestBench.vhd Line: 10
    Warning (13410): Pin "DisplayOutput[40]" is stuck at VCC File: C:/Users/mozzr/Documents/GitHub/EIT4-414/Projekt-Design-FPGA/Quartus/QuartusV2/TestBench.vhd Line: 10
    Warning (13410): Pin "DisplayOutput[41]" is stuck at VCC File: C:/Users/mozzr/Documents/GitHub/EIT4-414/Projekt-Design-FPGA/Quartus/QuartusV2/TestBench.vhd Line: 10
Info (17049): 8 registers lost all their fanouts during netlist optimizations.
Info (16010): Generating hard_block partition "hard_block:auto_generated_inst"
    Info (16011): Adding 0 node(s), including 0 DDIO, 0 PLL, 0 transceiver and 0 LCELL
Warning (21074): Design contains 5 input pin(s) that do not drive logic
    Warning (15610): No output dependent on input pin "KEY0" File: C:/Users/mozzr/Documents/GitHub/EIT4-414/Projekt-Design-FPGA/Quartus/QuartusV2/TestBench.vhd Line: 11
    Warning (15610): No output dependent on input pin "KEY1" File: C:/Users/mozzr/Documents/GitHub/EIT4-414/Projekt-Design-FPGA/Quartus/QuartusV2/TestBench.vhd Line: 12
    Warning (15610): No output dependent on input pin "KEY2" File: C:/Users/mozzr/Documents/GitHub/EIT4-414/Projekt-Design-FPGA/Quartus/QuartusV2/TestBench.vhd Line: 13
    Warning (15610): No output dependent on input pin "KEY3" File: C:/Users/mozzr/Documents/GitHub/EIT4-414/Projekt-Design-FPGA/Quartus/QuartusV2/TestBench.vhd Line: 14
    Warning (15610): No output dependent on input pin "Clk" File: C:/Users/mozzr/Documents/GitHub/EIT4-414/Projekt-Design-FPGA/Quartus/QuartusV2/TestBench.vhd Line: 9
Info (21057): Implemented 47 device resources after synthesis - the final resource count might be different
    Info (21058): Implemented 5 input pins
    Info (21059): Implemented 42 output pins
Info: Quartus Prime Analysis & Synthesis was successful. 0 errors, 115 warnings
    Info: Peak virtual memory: 4861 megabytes
    Info: Processing ended: Thu Apr 30 13:49:55 2020
    Info: Elapsed time: 00:00:12
    Info: Total CPU time (on all processors): 00:00:27


