Flow report for Seven_segment_display_tb
Mon Mar 23 22:08:27 2020
Quartus Prime Version 18.1.0 Build 625 09/12/2018 SJ Lite Edition


---------------------
; Table of Contents ;
---------------------
  1. Legal Notice
  2. Flow Summary
  3. Flow Settings
  4. Flow Non-Default Global Settings
  5. Flow Elapsed Time
  6. Flow OS Summary
  7. Flow Log
  8. Flow Messages
  9. Flow Suppressed Messages



----------------
; Legal Notice ;
----------------
Copyright (C) 2018  Intel Corporation. All rights reserved.
Your use of Intel Corporation's design tools, logic functions 
and other software and tools, and its AMPP partner logic 
functions, and any output files from any of the foregoing 
(including device programming or simulation files), and any 
associated documentation or information are expressly subject 
to the terms and conditions of the Intel Program License 
Subscription Agreement, the Intel Quartus Prime License Agreement,
the Intel FPGA IP License Agreement, or other applicable license
agreement, including, without limitation, that your use is for
the sole purpose of programming logic devices manufactured by
Intel and sold by Intel or its authorized distributors.  Please
refer to the applicable agreement for further details.



+-------------------------------------------------------------------------------+
; Flow Summary                                                                  ;
+---------------------------------+---------------------------------------------+
; Flow Status                     ; Successful - Mon Mar 23 22:08:18 2020       ;
; Quartus Prime Version           ; 18.1.0 Build 625 09/12/2018 SJ Lite Edition ;
; Revision Name                   ; Seven_segment_display_tb                    ;
; Top-level Entity Name           ; TopDesign                                   ;
; Family                          ; Cyclone V                                   ;
; Device                          ; 5CEBA4F23C7                                 ;
; Timing Models                   ; Final                                       ;
; Logic utilization (in ALMs)     ; 17 / 18,480 ( < 1 % )                       ;
; Total registers                 ; 10                                          ;
; Total pins                      ; 20 / 224 ( 9 % )                            ;
; Total virtual pins              ; 0                                           ;
; Total block memory bits         ; 0 / 3,153,920 ( 0 % )                       ;
; Total DSP Blocks                ; 0 / 66 ( 0 % )                              ;
; Total HSSI RX PCSs              ; 0                                           ;
; Total HSSI PMA RX Deserializers ; 0                                           ;
; Total HSSI TX PCSs              ; 0                                           ;
; Total HSSI PMA TX Serializers   ; 0                                           ;
; Total PLLs                      ; 0 / 4 ( 0 % )                               ;
; Total DLLs                      ; 0 / 4 ( 0 % )                               ;
+---------------------------------+---------------------------------------------+


+----------------------------------------------+
; Flow Settings                                ;
+-------------------+--------------------------+
; Option            ; Setting                  ;
+-------------------+--------------------------+
; Start date & time ; 03/23/2020 22:07:18      ;
; Main task         ; Compilation              ;
; Revision Name     ; Seven_segment_display_tb ;
+-------------------+--------------------------+


+------------------------------------------------------------------------------------------------------------------------------------+
; Flow Non-Default Global Settings                                                                                                   ;
+-------------------------------------+----------------------------------------+--------------------------+-------------+------------+
; Assignment Name                     ; Value                                  ; Default Value            ; Entity Name ; Section Id ;
+-------------------------------------+----------------------------------------+--------------------------+-------------+------------+
; COMPILER_SIGNATURE_ID               ; 88491848917284.158499763711352         ; --                       ; --          ; --         ;
; MAX_CORE_JUNCTION_TEMP              ; 85                                     ; --                       ; --          ; --         ;
; MIN_CORE_JUNCTION_TEMP              ; 0                                      ; --                       ; --          ; --         ;
; PARTITION_COLOR                     ; -- (Not supported for targeted family) ; --                       ; TopDesign   ; Top        ;
; PARTITION_FITTER_PRESERVATION_LEVEL ; -- (Not supported for targeted family) ; --                       ; TopDesign   ; Top        ;
; PARTITION_NETLIST_TYPE              ; -- (Not supported for targeted family) ; --                       ; TopDesign   ; Top        ;
; PROJECT_OUTPUT_DIRECTORY            ; output_files                           ; --                       ; --          ; --         ;
; TOP_LEVEL_ENTITY                    ; TopDesign                              ; Seven_segment_display_tb ; --          ; --         ;
+-------------------------------------+----------------------------------------+--------------------------+-------------+------------+


+--------------------------------------------------------------------------------------------------------------------------+
; Flow Elapsed Time                                                                                                        ;
+----------------------+--------------+-------------------------+---------------------+------------------------------------+
; Module Name          ; Elapsed Time ; Average Processors Used ; Peak Virtual Memory ; Total CPU Time (on all processors) ;
+----------------------+--------------+-------------------------+---------------------+------------------------------------+
; Analysis & Synthesis ; 00:00:20     ; 1.0                     ; 4843 MB             ; 00:00:40                           ;
; Fitter               ; 00:00:30     ; 1.0                     ; 5819 MB             ; 00:00:49                           ;
; Assembler            ; 00:00:07     ; 1.0                     ; 4805 MB             ; 00:00:06                           ;
; Timing Analyzer      ; 00:00:08     ; 1.0                     ; 5012 MB             ; 00:00:07                           ;
; Total                ; 00:01:05     ; --                      ; --                  ; 00:01:42                           ;
+----------------------+--------------+-------------------------+---------------------+------------------------------------+


+------------------------------------------------------------------------------------+
; Flow OS Summary                                                                    ;
+----------------------+------------------+------------+------------+----------------+
; Module Name          ; Machine Hostname ; OS Name    ; OS Version ; Processor type ;
+----------------------+------------------+------------+------------+----------------+
; Analysis & Synthesis ; The-G-Spot       ; Windows 10 ; 10.0       ; x86_64         ;
; Fitter               ; The-G-Spot       ; Windows 10 ; 10.0       ; x86_64         ;
; Assembler            ; The-G-Spot       ; Windows 10 ; 10.0       ; x86_64         ;
; Timing Analyzer      ; The-G-Spot       ; Windows 10 ; 10.0       ; x86_64         ;
+----------------------+------------------+------------+------------+----------------+


------------
; Flow Log ;
------------
quartus_map --read_settings_files=on --write_settings_files=off Seven_segment_display -c Seven_segment_display_tb
quartus_fit --read_settings_files=off --write_settings_files=off Seven_segment_display -c Seven_segment_display_tb
quartus_asm --read_settings_files=off --write_settings_files=off Seven_segment_display -c Seven_segment_display_tb
quartus_sta Seven_segment_display -c Seven_segment_display_tb



