Release 14.7 - xst P.20131013 (nt64)
Copyright (c) 1995-2013 Xilinx, Inc.  All rights reserved.
--> Parameter TMPDIR set to xst/projnav.tmp


Total REAL time to Xst completion: 0.00 secs
Total CPU time to Xst completion: 0.08 secs
 
--> Parameter xsthdpdir set to xst


Total REAL time to Xst completion: 0.00 secs
Total CPU time to Xst completion: 0.08 secs
 
--> Reading design: FPGA_MM2.prj

TABLE OF CONTENTS
  1) Synthesis Options Summary
  2) HDL Parsing
  3) HDL Elaboration
  4) HDL Synthesis
       4.1) HDL Synthesis Report
  5) Advanced HDL Synthesis
       5.1) Advanced HDL Synthesis Report
  6) Low Level Synthesis
  7) Partition Report
  8) Design Summary
       8.1) Primitive and Black Box Usage
       8.2) Device utilization summary
       8.3) Partition Resource Summary
       8.4) Timing Report
            8.4.1) Clock Information
            8.4.2) Asynchronous Control Signals Information
            8.4.3) Timing Summary
            8.4.4) Timing Details
            8.4.5) Cross Clock Domains Report


=========================================================================
*                      Synthesis Options Summary                        *
=========================================================================
---- Source Parameters
Input File Name                    : "FPGA_MM2.prj"
Ignore Synthesis Constraint File   : NO

---- Target Parameters
Output File Name                   : "FPGA_MM2"
Output Format                      : NGC
Target Device                      : xc6slx9-2-tqg144

---- Source Options
Top Module Name                    : FPGA_MM2
Automatic FSM Extraction           : YES
FSM Encoding Algorithm             : Auto
Safe Implementation                : No
FSM Style                          : LUT
RAM Extraction                     : Yes
RAM Style                          : Auto
ROM Extraction                     : Yes
Shift Register Extraction          : YES
ROM Style                          : Auto
Resource Sharing                   : YES
Asynchronous To Synchronous        : NO
Shift Register Minimum Size        : 2
Use DSP Block                      : Auto
Automatic Register Balancing       : No

---- Target Options
LUT Combining                      : Auto
Reduce Control Sets                : Auto
Add IO Buffers                     : YES
Global Maximum Fanout              : 100000
Add Generic Clock Buffer(BUFG)     : 16
Register Duplication               : YES
Optimize Instantiated Primitives   : NO
Use Clock Enable                   : Auto
Use Synchronous Set                : Auto
Use Synchronous Reset              : Auto
Pack IO Registers into IOBs        : Auto
Equivalent register Removal        : YES

---- General Options
Optimization Goal                  : Speed
Optimization Effort                : 1
Power Reduction                    : NO
Keep Hierarchy                     : No
Netlist Hierarchy                  : As_Optimized
RTL Output                         : Yes
Global Optimization                : AllClockNets
Read Cores                         : YES
Write Timing Constraints           : NO
Cross Clock Analysis               : NO
Hierarchy Separator                : /
Bus Delimiter                      : <>
Case Specifier                     : Maintain
Slice Utilization Ratio            : 100
BRAM Utilization Ratio             : 100
DSP48 Utilization Ratio            : 100
Auto BRAM Packing                  : NO
Slice Utilization Ratio Delta      : 5

---- Other Options
Cores Search Directories           : {"../../../../../../../../../../../DesignLab-1.0.8/libraries/Benchy" "../../../../../../../../../../../DesignLab-1.0.8/libraries/BitCoin_Miner" "../../../../../../../../../../../DesignLab-1.0.8/libraries/Building_Blocks" "../../../../../../../../../../../DesignLab-1.0.8/libraries/Clocks" "../../../../../../../../../../../DesignLab-1.0.8/libraries/Gameduino" "../../../../../../../../../../../DesignLab-1.0.8/libraries/HQVGA" "../../../../../../../../../../../DesignLab-1.0.8/libraries/Papilio_Hardware" "../../../../../../../../../../../DesignLab-1.0.8/libraries/RGB_Matrix" "../../../../../../../../../../../DesignLab-1.0.8/libraries/Robot_Control_Library" "../../../../../../../../../../../DesignLab-1.0.8/libraries/VGA_ZPUino" "../../../../../../../../../../../DesignLab-1.0.8/libraries/VGA_ZXSpectrum" "../../../../../../../../../../../DesignLab-1.0.8/libraries/ZPUino_2" "../../../../../../../../../../../DesignLab-1.0.8/libraries/ZPUino_Wishbone_Peripherals"
"../../../../../../../../../../../Program/DesignLab-1.0.8/libraries/BitCoin_Miner" "../../../../../../../../../../../Program/DesignLab-1.0.8/libraries/Building_Blocks" "../../../../../../../../../../../Program/DesignLab-1.0.8/libraries/Clocks" "../../../../../../../../../../../Program/DesignLab-1.0.8/libraries/Gameduino" "../../../../../../../../../../../Program/DesignLab-1.0.8/libraries/HQVGA" "../../../../../../../../../../../Program/DesignLab-1.0.8/libraries/Papilio_Hardware" "../../../../../../../../../../../Program/DesignLab-1.0.8/libraries/Robot_Control_Library" "../../../../../../../../../../../Program/DesignLab-1.0.8/libraries/VGA_ZPUino" "../../../../../../../../../../../Program/DesignLab-1.0.8/libraries/VGA_ZXSpectrum" "../../../../../../../../../../../Program/DesignLab-1.0.8/libraries/ZPUino_2" "../../../../../../../../../../../Program/DesignLab-1.0.8/libraries/ZPUino_Wishbone_Peripherals" "../../../../../../../../../../../Program Files (x86)/DesignLab-1.0.8/libraries/BitCoin_Miner"
"../../../../../../../../../../../Program Files (x86)/DesignLab-1.0.8/libraries/Building_Blocks" "../../../../../../../../../../../Program Files (x86)/DesignLab-1.0.8/libraries/Clocks" "../../../../../../../../../../../Program Files (x86)/DesignLab-1.0.8/libraries/Gameduino" "../../../../../../../../../../../Program Files (x86)/DesignLab-1.0.8/libraries/HQVGA" "../../../../../../../../../../../Program Files (x86)/DesignLab-1.0.8/libraries/Papilio_Hardware" "../../../../../../../../../../../Program Files (x86)/DesignLab-1.0.8/libraries/Robot_Control_Library" "../../../../../../../../../../../Program Files (x86)/DesignLab-1.0.8/libraries/VGA_ZPUino" "../../../../../../../../../../../Program Files (x86)/DesignLab-1.0.8/libraries/VGA_ZXSpectrum" "../../../../../../../../../../../Program Files (x86)/DesignLab-1.0.8/libraries/ZPUino_2" "../../../../../../../../../../../Program Files (x86)/DesignLab-1.0.8/libraries/ZPUino_Wishbone_Peripherals"  }

=========================================================================


=========================================================================
*                          HDL Parsing                                  *
=========================================================================
Parsing VHDL file "C:\Users\akama\OneDrive\Dokumenter\GitHub\EIT4-414\Digital_Design\MM3\FPGA_exercises_MM3\circuit\FPGA_MM2.vhd" into library work
Parsing entity <FPGA_MM2>.
Parsing architecture <Behavioral> of entity <fpga_mm2>.

=========================================================================
*                            HDL Elaboration                            *
=========================================================================

Elaborating entity <FPGA_MM2> (architecture <Behavioral>) from library <work>.

=========================================================================
*                           HDL Synthesis                               *
=========================================================================

Synthesizing Unit <FPGA_MM2>.
    Related source file is "C:\Users\akama\OneDrive\Dokumenter\GitHub\EIT4-414\Digital_Design\MM3\FPGA_exercises_MM3\circuit\FPGA_MM2.vhd".
    Found 8-bit register for signal <tempSig>.
    Summary:
	inferred   8 D-type flip-flop(s).
Unit <FPGA_MM2> synthesized.

=========================================================================
HDL Synthesis Report

Macro Statistics
# Registers                                            : 1
 8-bit register                                        : 1

=========================================================================

=========================================================================
*                       Advanced HDL Synthesis                          *
=========================================================================


=========================================================================
Advanced HDL Synthesis Report

Macro Statistics
# Registers                                            : 8
 Flip-Flops                                            : 8

=========================================================================

=========================================================================
*                         Low Level Synthesis                           *
=========================================================================

Optimizing unit <FPGA_MM2> ...

Mapping all equations...
Building and optimizing final netlist ...
Found area constraint ratio of 100 (+ 5) on block FPGA_MM2, actual ratio is 0.
FlipFlop tempSig_0 has been replicated 1 time(s) to handle iob=true attribute.

Final Macro Processing ...

Processing Unit <FPGA_MM2> :
	Found 2-bit shift register for signal <tempSig_1>.
Unit <FPGA_MM2> processed.

=========================================================================
Final Register Report

Macro Statistics
# Registers                                            : 7
 Flip-Flops                                            : 7
# Shift Registers                                      : 1
 2-bit shift register                                  : 1

=========================================================================

=========================================================================
*                           Partition Report                            *
=========================================================================

Partition Implementation Status
-------------------------------

  No Partitions were found in this design.

-------------------------------

=========================================================================
*                            Design Summary                             *
=========================================================================

Top Level Output File Name         : FPGA_MM2.ngc

Primitive and Black Box Usage:
------------------------------
# BELS                             : 2
#      GND                         : 1
#      VCC                         : 1
# FlipFlops/Latches                : 8
#      FD                          : 7
#      FDE                         : 1
# Shift Registers                  : 1
#      SRLC16E                     : 1
# Clock Buffers                    : 1
#      BUFGP                       : 1
# IO Buffers                       : 9
#      IBUF                        : 1
#      OBUF                        : 8

Device utilization summary:
---------------------------

Selected Device : 6slx9tqg144-2 


Slice Logic Utilization: 
 Number of Slice Registers:               7  out of  11440     0%  
 Number of Slice LUTs:                    1  out of   5720     0%  
    Number used as Memory:                1  out of   1440     0%  
       Number used as SRL:                1

Slice Logic Distribution: 
 Number of LUT Flip Flop pairs used:      8
   Number with an unused Flip Flop:       1  out of      8    12%  
   Number with an unused LUT:             7  out of      8    87%  
   Number of fully used LUT-FF pairs:     0  out of      8     0%  
   Number of unique control sets:         2

IO Utilization: 
 Number of IOs:                          10
 Number of bonded IOBs:                  10  out of    102     9%  
    IOB Flip Flops/Latches:               1

Specific Feature Utilization:
 Number of BUFG/BUFGCTRLs:                1  out of     16     6%  

---------------------------
Partition Resource Summary:
---------------------------

  No Partitions were found in this design.

---------------------------


=========================================================================
Timing Report

NOTE: THESE TIMING NUMBERS ARE ONLY A SYNTHESIS ESTIMATE.
      FOR ACCURATE TIMING INFORMATION PLEASE REFER TO THE TRACE REPORT
      GENERATED AFTER PLACE-and-ROUTE.

Clock Information:
------------------
-----------------------------------+------------------------+-------+
Clock Signal                       | Clock buffer(FF name)  | Load  |
-----------------------------------+------------------------+-------+
button                             | BUFGP                  | 9     |
-----------------------------------+------------------------+-------+

Asynchronous Control Signals Information:
----------------------------------------
No asynchronous control signals found in this design

Timing Summary:
---------------
Speed Grade: -2

   Minimum period: 1.820ns (Maximum Frequency: 549.451MHz)
   Minimum input arrival time before clock: 2.127ns
   Maximum output required time after clock: 4.162ns
   Maximum combinational path delay: No path found

Timing Details:
---------------
All values displayed in nanoseconds (ns)

=========================================================================
Timing constraint: Default period analysis for Clock 'button'
  Clock period: 1.820ns (frequency: 549.451MHz)
  Total number of paths / destination ports: 7 / 7
-------------------------------------------------------------------------
Delay:               1.820ns (Levels of Logic = 0)
  Source:            Mshreg_tempSig_1 (FF)
  Destination:       tempSig_1 (FF)
  Source Clock:      button rising
  Destination Clock: button rising

  Data Path: Mshreg_tempSig_1 to tempSig_1
                                Gate     Net
    Cell:in->out      fanout   Delay   Delay  Logical Name (Net Name)
    ----------------------------------------  ------------
     SRLC16E:CLK->Q        1   1.746   0.000  Mshreg_tempSig_1 (Mshreg_tempSig_1)
     FDE:D                     0.074          tempSig_1
    ----------------------------------------
    Total                      1.820ns (1.820ns logic, 0.000ns route)
                                       (100.0% logic, 0.0% route)

=========================================================================
Timing constraint: Default OFFSET IN BEFORE for Clock 'button'
  Total number of paths / destination ports: 2 / 2
-------------------------------------------------------------------------
Offset:              2.127ns (Levels of Logic = 1)
  Source:            switch0 (PAD)
  Destination:       tempSig_0_1 (FF)
  Destination Clock: button rising

  Data Path: switch0 to tempSig_0_1
                                Gate     Net
    Cell:in->out      fanout   Delay   Delay  Logical Name (Net Name)
    ----------------------------------------  ------------
     IBUF:I->O             2   1.328   0.725  switch0_IBUF (switch0_IBUF)
     FD:D                      0.074          tempSig_0_1
    ----------------------------------------
    Total                      2.127ns (1.402ns logic, 0.725ns route)
                                       (65.9% logic, 34.1% route)

=========================================================================
Timing constraint: Default OFFSET OUT AFTER for Clock 'button'
  Total number of paths / destination ports: 8 / 8
-------------------------------------------------------------------------
Offset:              4.162ns (Levels of Logic = 1)
  Source:            tempSig_1 (FF)
  Destination:       led1 (PAD)
  Source Clock:      button rising

  Data Path: tempSig_1 to led1
                                Gate     Net
    Cell:in->out      fanout   Delay   Delay  Logical Name (Net Name)
    ----------------------------------------  ------------
     FDE:C->Q              2   0.525   0.725  tempSig_1 (tempSig_1)
     OBUF:I->O                 2.912          led1_OBUF (led1)
    ----------------------------------------
    Total                      4.162ns (3.437ns logic, 0.725ns route)
                                       (82.6% logic, 17.4% route)

=========================================================================

Cross Clock Domains Report:
--------------------------

Clock to Setup on destination clock button
---------------+---------+---------+---------+---------+
               | Src:Rise| Src:Fall| Src:Rise| Src:Fall|
Source Clock   |Dest:Rise|Dest:Rise|Dest:Fall|Dest:Fall|
---------------+---------+---------+---------+---------+
button         |    1.820|         |         |         |
---------------+---------+---------+---------+---------+

=========================================================================


Total REAL time to Xst completion: 4.00 secs
Total CPU time to Xst completion: 3.63 secs
 
--> 

Total memory usage is 4522164 kilobytes

Number of errors   :    0 (   0 filtered)
Number of warnings :    0 (   0 filtered)
Number of infos    :    0 (   0 filtered)

