Analysis & Synthesis report for Seven_segment_display
Sun Mar 29 04:22:59 2020
Quartus Prime Version 18.1.0 Build 625 09/12/2018 SJ Lite Edition


---------------------
; Table of Contents ;
---------------------
  1. Legal Notice
  2. Analysis & Synthesis Summary
  3. Analysis & Synthesis Settings
  4. Parallel Compilation
  5. Analysis & Synthesis Source Files Read
  6. Analysis & Synthesis Resource Usage Summary
  7. Analysis & Synthesis Resource Utilization by Entity
  8. User-Specified and Inferred Latches
  9. General Register Statistics
 10. Post-Synthesis Netlist Statistics for Top Partition
 11. Elapsed Time Per Partition
 12. Analysis & Synthesis Messages



----------------
; Legal Notice ;
----------------
Copyright (C) 2018  Intel Corporation. All rights reserved.
Your use of Intel Corporation's design tools, logic functions 
and other software and tools, and its AMPP partner logic 
functions, and any output files from any of the foregoing 
(including device programming or simulation files), and any 
associated documentation or information are expressly subject 
to the terms and conditions of the Intel Program License 
Subscription Agreement, the Intel Quartus Prime License Agreement,
the Intel FPGA IP License Agreement, or other applicable license
agreement, including, without limitation, that your use is for
the sole purpose of programming logic devices manufactured by
Intel and sold by Intel or its authorized distributors.  Please
refer to the applicable agreement for further details.



+-------------------------------------------------------------------------------+
; Analysis & Synthesis Summary                                                  ;
+---------------------------------+---------------------------------------------+
; Analysis & Synthesis Status     ; Successful - Sun Mar 29 04:22:59 2020       ;
; Quartus Prime Version           ; 18.1.0 Build 625 09/12/2018 SJ Lite Edition ;
; Revision Name                   ; Seven_segment_display                       ;
; Top-level Entity Name           ; TopDesign                                   ;
; Family                          ; Cyclone V                                   ;
; Logic utilization (in ALMs)     ; N/A                                         ;
; Total registers                 ; 59                                          ;
; Total pins                      ; 92                                          ;
; Total virtual pins              ; 0                                           ;
; Total block memory bits         ; 0                                           ;
; Total DSP Blocks                ; 0                                           ;
; Total HSSI RX PCSs              ; 0                                           ;
; Total HSSI PMA RX Deserializers ; 0                                           ;
; Total HSSI TX PCSs              ; 0                                           ;
; Total HSSI PMA TX Serializers   ; 0                                           ;
; Total PLLs                      ; 0                                           ;
; Total DLLs                      ; 0                                           ;
+---------------------------------+---------------------------------------------+


+------------------------------------------------------------------------------------------------------------------------------+
; Analysis & Synthesis Settings                                                                                                ;
+---------------------------------------------------------------------------------+--------------------+-----------------------+
; Option                                                                          ; Setting            ; Default Value         ;
+---------------------------------------------------------------------------------+--------------------+-----------------------+
; Device                                                                          ; 5CEBA4F23C7        ;                       ;
; Top-level entity name                                                           ; TopDesign          ; Seven_segment_display ;
; Family name                                                                     ; Cyclone V          ; Cyclone V             ;
; Use smart compilation                                                           ; Off                ; Off                   ;
; Enable parallel Assembler and Timing Analyzer during compilation                ; On                 ; On                    ;
; Enable compact report table                                                     ; Off                ; Off                   ;
; Restructure Multiplexers                                                        ; Auto               ; Auto                  ;
; MLAB Add Timing Constraints For Mixed-Port Feed-Through Mode Setting Don't Care ; Off                ; Off                   ;
; Create Debugging Nodes for IP Cores                                             ; Off                ; Off                   ;
; Preserve fewer node names                                                       ; On                 ; On                    ;
; Intel FPGA IP Evaluation Mode                                                   ; Enable             ; Enable                ;
; Verilog Version                                                                 ; Verilog_2001       ; Verilog_2001          ;
; VHDL Version                                                                    ; VHDL_1993          ; VHDL_1993             ;
; State Machine Processing                                                        ; Auto               ; Auto                  ;
; Safe State Machine                                                              ; Off                ; Off                   ;
; Extract Verilog State Machines                                                  ; On                 ; On                    ;
; Extract VHDL State Machines                                                     ; On                 ; On                    ;
; Ignore Verilog initial constructs                                               ; Off                ; Off                   ;
; Iteration limit for constant Verilog loops                                      ; 5000               ; 5000                  ;
; Iteration limit for non-constant Verilog loops                                  ; 250                ; 250                   ;
; Add Pass-Through Logic to Inferred RAMs                                         ; On                 ; On                    ;
; Infer RAMs from Raw Logic                                                       ; On                 ; On                    ;
; Parallel Synthesis                                                              ; On                 ; On                    ;
; DSP Block Balancing                                                             ; Auto               ; Auto                  ;
; NOT Gate Push-Back                                                              ; On                 ; On                    ;
; Power-Up Don't Care                                                             ; On                 ; On                    ;
; Remove Redundant Logic Cells                                                    ; Off                ; Off                   ;
; Remove Duplicate Registers                                                      ; On                 ; On                    ;
; Ignore CARRY Buffers                                                            ; Off                ; Off                   ;
; Ignore CASCADE Buffers                                                          ; Off                ; Off                   ;
; Ignore GLOBAL Buffers                                                           ; Off                ; Off                   ;
; Ignore ROW GLOBAL Buffers                                                       ; Off                ; Off                   ;
; Ignore LCELL Buffers                                                            ; Off                ; Off                   ;
; Ignore SOFT Buffers                                                             ; On                 ; On                    ;
; Limit AHDL Integers to 32 Bits                                                  ; Off                ; Off                   ;
; Optimization Technique                                                          ; Balanced           ; Balanced              ;
; Carry Chain Length                                                              ; 70                 ; 70                    ;
; Auto Carry Chains                                                               ; On                 ; On                    ;
; Auto Open-Drain Pins                                                            ; On                 ; On                    ;
; Perform WYSIWYG Primitive Resynthesis                                           ; Off                ; Off                   ;
; Auto ROM Replacement                                                            ; On                 ; On                    ;
; Auto RAM Replacement                                                            ; On                 ; On                    ;
; Auto DSP Block Replacement                                                      ; On                 ; On                    ;
; Auto Shift Register Replacement                                                 ; Auto               ; Auto                  ;
; Allow Shift Register Merging across Hierarchies                                 ; Auto               ; Auto                  ;
; Auto Clock Enable Replacement                                                   ; On                 ; On                    ;
; Strict RAM Replacement                                                          ; Off                ; Off                   ;
; Allow Synchronous Control Signals                                               ; On                 ; On                    ;
; Force Use of Synchronous Clear Signals                                          ; Off                ; Off                   ;
; Auto Resource Sharing                                                           ; Off                ; Off                   ;
; Allow Any RAM Size For Recognition                                              ; Off                ; Off                   ;
; Allow Any ROM Size For Recognition                                              ; Off                ; Off                   ;
; Allow Any Shift Register Size For Recognition                                   ; Off                ; Off                   ;
; Use LogicLock Constraints during Resource Balancing                             ; On                 ; On                    ;
; Ignore translate_off and synthesis_off directives                               ; Off                ; Off                   ;
; Timing-Driven Synthesis                                                         ; On                 ; On                    ;
; Report Parameter Settings                                                       ; On                 ; On                    ;
; Report Source Assignments                                                       ; On                 ; On                    ;
; Report Connectivity Checks                                                      ; On                 ; On                    ;
; Ignore Maximum Fan-Out Assignments                                              ; Off                ; Off                   ;
; Synchronization Register Chain Length                                           ; 3                  ; 3                     ;
; Power Optimization During Synthesis                                             ; Normal compilation ; Normal compilation    ;
; HDL message level                                                               ; Level2             ; Level2                ;
; Suppress Register Optimization Related Messages                                 ; Off                ; Off                   ;
; Number of Removed Registers Reported in Synthesis Report                        ; 5000               ; 5000                  ;
; Number of Swept Nodes Reported in Synthesis Report                              ; 5000               ; 5000                  ;
; Number of Inverted Registers Reported in Synthesis Report                       ; 100                ; 100                   ;
; Clock MUX Protection                                                            ; On                 ; On                    ;
; Auto Gated Clock Conversion                                                     ; Off                ; Off                   ;
; Block Design Naming                                                             ; Auto               ; Auto                  ;
; SDC constraint protection                                                       ; Off                ; Off                   ;
; Synthesis Effort                                                                ; Auto               ; Auto                  ;
; Shift Register Replacement - Allow Asynchronous Clear Signal                    ; On                 ; On                    ;
; Pre-Mapping Resynthesis Optimization                                            ; Off                ; Off                   ;
; Analysis & Synthesis Message Level                                              ; Medium             ; Medium                ;
; Disable Register Merging Across Hierarchies                                     ; Auto               ; Auto                  ;
; Resource Aware Inference For Block RAM                                          ; On                 ; On                    ;
; Automatic Parallel Synthesis                                                    ; On                 ; On                    ;
; Partial Reconfiguration Bitstream ID                                            ; Off                ; Off                   ;
+---------------------------------------------------------------------------------+--------------------+-----------------------+


+------------------------------------------+
; Parallel Compilation                     ;
+----------------------------+-------------+
; Processors                 ; Number      ;
+----------------------------+-------------+
; Number detected on machine ; 4           ;
; Maximum allowed            ; 2           ;
;                            ;             ;
; Average used               ; 1.00        ;
; Maximum used               ; 2           ;
;                            ;             ;
; Usage by Processor         ; % Time Used ;
;     Processor 1            ; 100.0%      ;
;     Processor 2            ;   0.0%      ;
+----------------------------+-------------+


+--------------------------------------------------------------------------------------------------------------------------------------------------------------------------------------------------+
; Analysis & Synthesis Source Files Read                                                                                                                                                           ;
+----------------------------------+-----------------+-----------------+-----------------------------------------------------------------------------------------------------------------+---------+
; File Name with User-Entered Path ; Used in Netlist ; File Type       ; File Name with Absolute Path                                                                                    ; Library ;
+----------------------------------+-----------------+-----------------+-----------------------------------------------------------------------------------------------------------------+---------+
; TopDesign.vhd                    ; yes             ; User VHDL File  ; D:/Dokumenter/_AAU/EIT 2018/P4/GitHub/EIT4-414/Projekt-Design-FPGA/Display/7-Segment-display-v1.3/TopDesign.vhd ;         ;
+----------------------------------+-----------------+-----------------+-----------------------------------------------------------------------------------------------------------------+---------+


+-----------------------------------------------------------+
; Analysis & Synthesis Resource Usage Summary               ;
+---------------------------------------------+-------------+
; Resource                                    ; Usage       ;
+---------------------------------------------+-------------+
; Estimate of Logic utilization (ALMs needed) ; 49          ;
;                                             ;             ;
; Combinational ALUT usage for logic          ; 88          ;
;     -- 7 input functions                    ; 0           ;
;     -- 6 input functions                    ; 10          ;
;     -- 5 input functions                    ; 3           ;
;     -- 4 input functions                    ; 8           ;
;     -- <=3 input functions                  ; 67          ;
;                                             ;             ;
; Dedicated logic registers                   ; 59          ;
;                                             ;             ;
; I/O pins                                    ; 92          ;
;                                             ;             ;
; Total DSP Blocks                            ; 0           ;
;                                             ;             ;
; Maximum fan-out node                        ; clock~input ;
; Maximum fan-out                             ; 59          ;
; Total fan-out                               ; 598         ;
; Average fan-out                             ; 1.81        ;
+---------------------------------------------+-------------+


+----------------------------------------------------------------------------------------------------------------------------------------------------------------------------------------+
; Analysis & Synthesis Resource Utilization by Entity                                                                                                                                    ;
+----------------------------+---------------------+---------------------------+-------------------+------------+------+--------------+---------------------+-------------+--------------+
; Compilation Hierarchy Node ; Combinational ALUTs ; Dedicated Logic Registers ; Block Memory Bits ; DSP Blocks ; Pins ; Virtual Pins ; Full Hierarchy Name ; Entity Name ; Library Name ;
+----------------------------+---------------------+---------------------------+-------------------+------------+------+--------------+---------------------+-------------+--------------+
; |TopDesign                 ; 88 (88)             ; 59 (59)                   ; 0                 ; 0          ; 92   ; 0            ; |TopDesign          ; TopDesign   ; work         ;
+----------------------------+---------------------+---------------------------+-------------------+------------+------+--------------+---------------------+-------------+--------------+
Note: For table entries with two numbers listed, the numbers in parentheses indicate the number of resources of the given type used by the specific entity alone. The numbers listed outside of parentheses indicate the total resources of the given type used by the specific entity and all of its sub-entities in the hierarchy.


+---------------------------------------------------------------------------------------------------+
; User-Specified and Inferred Latches                                                               ;
+----------------------------------------------------+---------------------+------------------------+
; Latch Name                                         ; Latch Enable Signal ; Free of Timing Hazards ;
+----------------------------------------------------+---------------------+------------------------+
; DRAM[0]                                            ; Equal0              ; yes                    ;
; DRAM[1]                                            ; Equal0              ; yes                    ;
; DRAM[2]                                            ; Equal0              ; yes                    ;
; DRAM[3]                                            ; Equal0              ; yes                    ;
; DRAM[4]                                            ; Equal0              ; yes                    ;
; DRAM[5]                                            ; Equal0              ; yes                    ;
; DRAM[6]                                            ; Equal0              ; yes                    ;
; Number of user-specified and inferred latches = 7  ;                     ;                        ;
+----------------------------------------------------+---------------------+------------------------+
Note: All latches listed above may not be present at the end of synthesis due to various synthesis optimizations.


+------------------------------------------------------+
; General Register Statistics                          ;
+----------------------------------------------+-------+
; Statistic                                    ; Value ;
+----------------------------------------------+-------+
; Total registers                              ; 59    ;
; Number of registers using Synchronous Clear  ; 58    ;
; Number of registers using Synchronous Load   ; 0     ;
; Number of registers using Asynchronous Clear ; 0     ;
; Number of registers using Asynchronous Load  ; 0     ;
; Number of registers using Clock Enable       ; 32    ;
; Number of registers using Preset             ; 0     ;
+----------------------------------------------+-------+


+-----------------------------------------------------+
; Post-Synthesis Netlist Statistics for Top Partition ;
+-----------------------+-----------------------------+
; Type                  ; Count                       ;
+-----------------------+-----------------------------+
; arriav_ff             ; 59                          ;
;     ENA SCLR          ; 32                          ;
;     SCLR              ; 26                          ;
;     plain             ; 1                           ;
; arriav_lcell_comb     ; 96                          ;
;     arith             ; 58                          ;
;         1 data inputs ; 58                          ;
;     normal            ; 38                          ;
;         0 data inputs ; 1                           ;
;         1 data inputs ; 7                           ;
;         3 data inputs ; 9                           ;
;         4 data inputs ; 8                           ;
;         5 data inputs ; 3                           ;
;         6 data inputs ; 10                          ;
; boundary_port         ; 92                          ;
;                       ;                             ;
; Max LUT depth         ; 4.10                        ;
; Average LUT depth     ; 2.96                        ;
+-----------------------+-----------------------------+


+-------------------------------+
; Elapsed Time Per Partition    ;
+----------------+--------------+
; Partition Name ; Elapsed Time ;
+----------------+--------------+
; Top            ; 00:00:00     ;
+----------------+--------------+


+-------------------------------+
; Analysis & Synthesis Messages ;
+-------------------------------+
Info: *******************************************************************
Info: Running Quartus Prime Analysis & Synthesis
    Info: Version 18.1.0 Build 625 09/12/2018 SJ Lite Edition
    Info: Processing started: Sun Mar 29 04:22:37 2020
Info: Command: quartus_map --read_settings_files=on --write_settings_files=off Seven_segment_display -c Seven_segment_display
Warning (18236): Number of processors has not been specified which may cause overloading on shared machines.  Set the global assignment NUM_PARALLEL_PROCESSORS in your QSF to an appropriate value for best performance.
Info (20030): Parallel compilation is enabled and will use 2 of the 2 processors detected
Info (12021): Found 2 design units, including 1 entities, in source file topdesign.vhd
    Info (12022): Found design unit 1: TopDesign-rtl File: D:/Dokumenter/_AAU/EIT 2018/P4/GitHub/EIT4-414/Projekt-Design-FPGA/Display/7-Segment-display-v1.3/TopDesign.vhd Line: 34
    Info (12023): Found entity 1: TopDesign File: D:/Dokumenter/_AAU/EIT 2018/P4/GitHub/EIT4-414/Projekt-Design-FPGA/Display/7-Segment-display-v1.3/TopDesign.vhd Line: 5
Info (12127): Elaborating entity "TopDesign" for the top level hierarchy
Warning (10631): VHDL Process Statement warning at TopDesign.vhd(133): inferring latch(es) for signal or variable "DRAM", which holds its previous value in one or more paths through the process File: D:/Dokumenter/_AAU/EIT 2018/P4/GitHub/EIT4-414/Projekt-Design-FPGA/Display/7-Segment-display-v1.3/TopDesign.vhd Line: 133
Info (10041): Inferred latch for "DRAM[0]" at TopDesign.vhd(133) File: D:/Dokumenter/_AAU/EIT 2018/P4/GitHub/EIT4-414/Projekt-Design-FPGA/Display/7-Segment-display-v1.3/TopDesign.vhd Line: 133
Info (10041): Inferred latch for "DRAM[1]" at TopDesign.vhd(133) File: D:/Dokumenter/_AAU/EIT 2018/P4/GitHub/EIT4-414/Projekt-Design-FPGA/Display/7-Segment-display-v1.3/TopDesign.vhd Line: 133
Info (10041): Inferred latch for "DRAM[2]" at TopDesign.vhd(133) File: D:/Dokumenter/_AAU/EIT 2018/P4/GitHub/EIT4-414/Projekt-Design-FPGA/Display/7-Segment-display-v1.3/TopDesign.vhd Line: 133
Info (10041): Inferred latch for "DRAM[3]" at TopDesign.vhd(133) File: D:/Dokumenter/_AAU/EIT 2018/P4/GitHub/EIT4-414/Projekt-Design-FPGA/Display/7-Segment-display-v1.3/TopDesign.vhd Line: 133
Info (10041): Inferred latch for "DRAM[4]" at TopDesign.vhd(133) File: D:/Dokumenter/_AAU/EIT 2018/P4/GitHub/EIT4-414/Projekt-Design-FPGA/Display/7-Segment-display-v1.3/TopDesign.vhd Line: 133
Info (10041): Inferred latch for "DRAM[5]" at TopDesign.vhd(133) File: D:/Dokumenter/_AAU/EIT 2018/P4/GitHub/EIT4-414/Projekt-Design-FPGA/Display/7-Segment-display-v1.3/TopDesign.vhd Line: 133
Info (10041): Inferred latch for "DRAM[6]" at TopDesign.vhd(133) File: D:/Dokumenter/_AAU/EIT 2018/P4/GitHub/EIT4-414/Projekt-Design-FPGA/Display/7-Segment-display-v1.3/TopDesign.vhd Line: 133
Warning (13024): Output pins are stuck at VCC or GND
    Warning (13410): Pin "display[7]" is stuck at VCC File: D:/Dokumenter/_AAU/EIT 2018/P4/GitHub/EIT4-414/Projekt-Design-FPGA/Display/7-Segment-display-v1.3/TopDesign.vhd Line: 18
    Warning (13410): Pin "display[8]" is stuck at VCC File: D:/Dokumenter/_AAU/EIT 2018/P4/GitHub/EIT4-414/Projekt-Design-FPGA/Display/7-Segment-display-v1.3/TopDesign.vhd Line: 18
    Warning (13410): Pin "display[9]" is stuck at VCC File: D:/Dokumenter/_AAU/EIT 2018/P4/GitHub/EIT4-414/Projekt-Design-FPGA/Display/7-Segment-display-v1.3/TopDesign.vhd Line: 18
    Warning (13410): Pin "display[10]" is stuck at VCC File: D:/Dokumenter/_AAU/EIT 2018/P4/GitHub/EIT4-414/Projekt-Design-FPGA/Display/7-Segment-display-v1.3/TopDesign.vhd Line: 18
    Warning (13410): Pin "display[11]" is stuck at VCC File: D:/Dokumenter/_AAU/EIT 2018/P4/GitHub/EIT4-414/Projekt-Design-FPGA/Display/7-Segment-display-v1.3/TopDesign.vhd Line: 18
    Warning (13410): Pin "display[12]" is stuck at VCC File: D:/Dokumenter/_AAU/EIT 2018/P4/GitHub/EIT4-414/Projekt-Design-FPGA/Display/7-Segment-display-v1.3/TopDesign.vhd Line: 18
    Warning (13410): Pin "display[13]" is stuck at VCC File: D:/Dokumenter/_AAU/EIT 2018/P4/GitHub/EIT4-414/Projekt-Design-FPGA/Display/7-Segment-display-v1.3/TopDesign.vhd Line: 18
    Warning (13410): Pin "display[14]" is stuck at VCC File: D:/Dokumenter/_AAU/EIT 2018/P4/GitHub/EIT4-414/Projekt-Design-FPGA/Display/7-Segment-display-v1.3/TopDesign.vhd Line: 18
    Warning (13410): Pin "display[15]" is stuck at VCC File: D:/Dokumenter/_AAU/EIT 2018/P4/GitHub/EIT4-414/Projekt-Design-FPGA/Display/7-Segment-display-v1.3/TopDesign.vhd Line: 18
    Warning (13410): Pin "display[16]" is stuck at VCC File: D:/Dokumenter/_AAU/EIT 2018/P4/GitHub/EIT4-414/Projekt-Design-FPGA/Display/7-Segment-display-v1.3/TopDesign.vhd Line: 18
    Warning (13410): Pin "display[17]" is stuck at VCC File: D:/Dokumenter/_AAU/EIT 2018/P4/GitHub/EIT4-414/Projekt-Design-FPGA/Display/7-Segment-display-v1.3/TopDesign.vhd Line: 18
    Warning (13410): Pin "display[18]" is stuck at VCC File: D:/Dokumenter/_AAU/EIT 2018/P4/GitHub/EIT4-414/Projekt-Design-FPGA/Display/7-Segment-display-v1.3/TopDesign.vhd Line: 18
    Warning (13410): Pin "display[19]" is stuck at VCC File: D:/Dokumenter/_AAU/EIT 2018/P4/GitHub/EIT4-414/Projekt-Design-FPGA/Display/7-Segment-display-v1.3/TopDesign.vhd Line: 18
    Warning (13410): Pin "display[20]" is stuck at VCC File: D:/Dokumenter/_AAU/EIT 2018/P4/GitHub/EIT4-414/Projekt-Design-FPGA/Display/7-Segment-display-v1.3/TopDesign.vhd Line: 18
    Warning (13410): Pin "display[21]" is stuck at VCC File: D:/Dokumenter/_AAU/EIT 2018/P4/GitHub/EIT4-414/Projekt-Design-FPGA/Display/7-Segment-display-v1.3/TopDesign.vhd Line: 18
    Warning (13410): Pin "display[22]" is stuck at VCC File: D:/Dokumenter/_AAU/EIT 2018/P4/GitHub/EIT4-414/Projekt-Design-FPGA/Display/7-Segment-display-v1.3/TopDesign.vhd Line: 18
    Warning (13410): Pin "display[23]" is stuck at VCC File: D:/Dokumenter/_AAU/EIT 2018/P4/GitHub/EIT4-414/Projekt-Design-FPGA/Display/7-Segment-display-v1.3/TopDesign.vhd Line: 18
    Warning (13410): Pin "display[24]" is stuck at VCC File: D:/Dokumenter/_AAU/EIT 2018/P4/GitHub/EIT4-414/Projekt-Design-FPGA/Display/7-Segment-display-v1.3/TopDesign.vhd Line: 18
    Warning (13410): Pin "display[25]" is stuck at VCC File: D:/Dokumenter/_AAU/EIT 2018/P4/GitHub/EIT4-414/Projekt-Design-FPGA/Display/7-Segment-display-v1.3/TopDesign.vhd Line: 18
    Warning (13410): Pin "display[26]" is stuck at VCC File: D:/Dokumenter/_AAU/EIT 2018/P4/GitHub/EIT4-414/Projekt-Design-FPGA/Display/7-Segment-display-v1.3/TopDesign.vhd Line: 18
    Warning (13410): Pin "display[27]" is stuck at VCC File: D:/Dokumenter/_AAU/EIT 2018/P4/GitHub/EIT4-414/Projekt-Design-FPGA/Display/7-Segment-display-v1.3/TopDesign.vhd Line: 18
    Warning (13410): Pin "display[28]" is stuck at VCC File: D:/Dokumenter/_AAU/EIT 2018/P4/GitHub/EIT4-414/Projekt-Design-FPGA/Display/7-Segment-display-v1.3/TopDesign.vhd Line: 18
    Warning (13410): Pin "display[29]" is stuck at VCC File: D:/Dokumenter/_AAU/EIT 2018/P4/GitHub/EIT4-414/Projekt-Design-FPGA/Display/7-Segment-display-v1.3/TopDesign.vhd Line: 18
    Warning (13410): Pin "display[30]" is stuck at VCC File: D:/Dokumenter/_AAU/EIT 2018/P4/GitHub/EIT4-414/Projekt-Design-FPGA/Display/7-Segment-display-v1.3/TopDesign.vhd Line: 18
    Warning (13410): Pin "display[31]" is stuck at VCC File: D:/Dokumenter/_AAU/EIT 2018/P4/GitHub/EIT4-414/Projekt-Design-FPGA/Display/7-Segment-display-v1.3/TopDesign.vhd Line: 18
    Warning (13410): Pin "display[32]" is stuck at VCC File: D:/Dokumenter/_AAU/EIT 2018/P4/GitHub/EIT4-414/Projekt-Design-FPGA/Display/7-Segment-display-v1.3/TopDesign.vhd Line: 18
    Warning (13410): Pin "display[33]" is stuck at VCC File: D:/Dokumenter/_AAU/EIT 2018/P4/GitHub/EIT4-414/Projekt-Design-FPGA/Display/7-Segment-display-v1.3/TopDesign.vhd Line: 18
    Warning (13410): Pin "display[34]" is stuck at VCC File: D:/Dokumenter/_AAU/EIT 2018/P4/GitHub/EIT4-414/Projekt-Design-FPGA/Display/7-Segment-display-v1.3/TopDesign.vhd Line: 18
    Warning (13410): Pin "display[35]" is stuck at VCC File: D:/Dokumenter/_AAU/EIT 2018/P4/GitHub/EIT4-414/Projekt-Design-FPGA/Display/7-Segment-display-v1.3/TopDesign.vhd Line: 18
    Warning (13410): Pin "display[36]" is stuck at VCC File: D:/Dokumenter/_AAU/EIT 2018/P4/GitHub/EIT4-414/Projekt-Design-FPGA/Display/7-Segment-display-v1.3/TopDesign.vhd Line: 18
    Warning (13410): Pin "display[37]" is stuck at VCC File: D:/Dokumenter/_AAU/EIT 2018/P4/GitHub/EIT4-414/Projekt-Design-FPGA/Display/7-Segment-display-v1.3/TopDesign.vhd Line: 18
    Warning (13410): Pin "display[38]" is stuck at VCC File: D:/Dokumenter/_AAU/EIT 2018/P4/GitHub/EIT4-414/Projekt-Design-FPGA/Display/7-Segment-display-v1.3/TopDesign.vhd Line: 18
    Warning (13410): Pin "display[39]" is stuck at VCC File: D:/Dokumenter/_AAU/EIT 2018/P4/GitHub/EIT4-414/Projekt-Design-FPGA/Display/7-Segment-display-v1.3/TopDesign.vhd Line: 18
    Warning (13410): Pin "display[40]" is stuck at VCC File: D:/Dokumenter/_AAU/EIT 2018/P4/GitHub/EIT4-414/Projekt-Design-FPGA/Display/7-Segment-display-v1.3/TopDesign.vhd Line: 18
    Warning (13410): Pin "display[41]" is stuck at VCC File: D:/Dokumenter/_AAU/EIT 2018/P4/GitHub/EIT4-414/Projekt-Design-FPGA/Display/7-Segment-display-v1.3/TopDesign.vhd Line: 18
Info (286030): Timing-Driven Synthesis is running
Info (16010): Generating hard_block partition "hard_block:auto_generated_inst"
    Info (16011): Adding 0 node(s), including 0 DDIO, 0 PLL, 0 transceiver and 0 LCELL
Warning (21074): Design contains 2 input pin(s) that do not drive logic
    Warning (15610): No output dependent on input pin "shift_btn" File: D:/Dokumenter/_AAU/EIT 2018/P4/GitHub/EIT4-414/Projekt-Design-FPGA/Display/7-Segment-display-v1.3/TopDesign.vhd Line: 14
    Warning (15610): No output dependent on input pin "reset_btn" File: D:/Dokumenter/_AAU/EIT 2018/P4/GitHub/EIT4-414/Projekt-Design-FPGA/Display/7-Segment-display-v1.3/TopDesign.vhd Line: 15
Info (21057): Implemented 180 device resources after synthesis - the final resource count might be different
    Info (21058): Implemented 7 input pins
    Info (21059): Implemented 85 output pins
    Info (21061): Implemented 88 logic cells
Info: Quartus Prime Analysis & Synthesis was successful. 0 errors, 41 warnings
    Info: Peak virtual memory: 4837 megabytes
    Info: Processing ended: Sun Mar 29 04:22:59 2020
    Info: Elapsed time: 00:00:22
    Info: Total CPU time (on all processors): 00:00:44


